<?xml version="1.0" encoding="utf-8"?>
<TestRun id="54fa4bd9-ede8-40b1-ab4c-c7b5360ed53d" name="Usuario@DESKTOP-OJ7QOA5 2025-11-29 14:55:37" runUser="DESKTOP-OJ7QOA5\Usuario" xmlns="http://microsoft.com/schemas/VisualStudio/TeamTest/2010">
  <Times creation="2025-11-29T14:55:37.3151074+01:00" queuing="2025-11-29T14:55:37.3151075+01:00" start="2025-11-29T14:55:36.9817195+01:00" finish="2025-11-29T14:55:37.3746866+01:00" />
  <TestSettings name="default" id="57624625-212d-485d-bb70-cb07a714bfde">
    <Deployment runDeploymentRoot="Usuario_DESKTOP-OJ7QOA5_2025-11-29_14_55_37" />
  </TestSettings>
  <Results>
    <UnitTestResult executionId="15bd6d3d-50e1-4c25-9075-a40a9e1aa146" testId="a7451397-dc9a-5ca0-a6ae-5faf05306bd5" testName="Test_Total_Updates_After_Modification" computerName="DESKTOP-OJ7QOA5" duration="00:00:00.0000520" startTime="2025-11-29T14:55:37.3026932+01:00" endTime="2025-11-29T14:55:37.3027454+01:00" testType="13cdc9d9-ddb5-4fa4-a97d-d965ccfc6d4b" outcome="Passed" testListId="8c84fa94-04c1-424b-9868-57a2d4851a1d" relativeResultsDirectory="15bd6d3d-50e1-4c25-9075-a40a9e1aa146" />
    <UnitTestResult executionId="fb2d2d3e-bb42-452f-9b65-f46cef4cd186" testId="ea162f21-206c-1397-426e-299ea4894d12" testName="Test_StatChangeEffect_All_Stats(SpDefense)" computerName="DESKTOP-OJ7QOA5" duration="00:00:00.0000770" startTime="2025-11-29T14:55:37.3254782+01:00" endTime="2025-11-29T14:55:37.3255546+01:00" testType="13cdc9d9-ddb5-4fa4-a97d-d965ccfc6d4b" outcome="Passed" testListId="8c84fa94-04c1-424b-9868-57a2d4851a1d" relativeResultsDirectory="fb2d2d3e-bb42-452f-9b65-f46cef4cd186" />
    <UnitTestResult executionId="e34d5b6f-b754-47d4-bc65-faf683e2b4d7" testId="4314e224-b2b5-f60c-3d5e-0adae41ce00a" testName="Test_GetByType_Returns_All_Electric_Moves" computerName="DESKTOP-OJ7QOA5" duration="00:00:00.0002260" startTime="2025-11-29T14:55:37.3115243+01:00" endTime="2025-11-29T14:55:37.3117502+01:00" testType="13cdc9d9-ddb5-4fa4-a97d-d965ccfc6d4b" outcome="Passed" testListId="8c84fa94-04c1-424b-9868-57a2d4851a1d" relativeResultsDirectory="e34d5b6f-b754-47d4-bc65-faf683e2b4d7" />
    <UnitTestResult executionId="57760142-80a1-4069-bdc6-216b8fc64e1e" testId="bbdc23f5-650f-6416-52ea-a6079b4150e6" testName="Test_SolarBeam_Is_Powerful" computerName="DESKTOP-OJ7QOA5" duration="00:00:00.0001830" startTime="2025-11-29T14:55:37.2894083+01:00" endTime="2025-11-29T14:55:37.2895914+01:00" testType="13cdc9d9-ddb5-4fa4-a97d-d965ccfc6d4b" outcome="Passed" testListId="8c84fa94-04c1-424b-9868-57a2d4851a1d" relativeResultsDirectory="57760142-80a1-4069-bdc6-216b8fc64e1e" />
    <UnitTestResult executionId="6c608673-3365-4148-8e10-26791731c50f" testId="9ac99b32-706a-bbc2-7fa3-6092c4ab6099" testName="Test_StatusEffect_All_Statuses(Paralysis)" computerName="DESKTOP-OJ7QOA5" duration="00:00:00.0000890" startTime="2025-11-29T14:55:37.3259894+01:00" endTime="2025-11-29T14:55:37.3260783+01:00" testType="13cdc9d9-ddb5-4fa4-a97d-d965ccfc6d4b" outcome="Passed" testListId="8c84fa94-04c1-424b-9868-57a2d4851a1d" relativeResultsDirectory="6c608673-3365-4148-8e10-26791731c50f" />
    <UnitTestResult executionId="2f0de6d5-297c-46ba-bcfa-4e095dbedee5" testId="0d4ea313-728d-73ae-46c6-42c009c81872" testName="Test_StatusEffect_Self_Target" computerName="DESKTOP-OJ7QOA5" duration="00:00:00.0000640" startTime="2025-11-29T14:55:37.3262456+01:00" endTime="2025-11-29T14:55:37.3263093+01:00" testType="13cdc9d9-ddb5-4fa4-a97d-d965ccfc6d4b" outcome="Passed" testListId="8c84fa94-04c1-424b-9868-57a2d4851a1d" relativeResultsDirectory="2f0de6d5-297c-46ba-bcfa-4e095dbedee5" />
    <UnitTestResult executionId="afdbab9a-72ce-43a0-a8b0-7b4d7c74dbaa" testId="80645478-7710-8f0a-cae3-9ffad6a9be44" testName="Moves_Should_Configure_Learnset" computerName="DESKTOP-OJ7QOA5" duration="00:00:00.0005430" startTime="2025-11-29T14:55:37.2825739+01:00" endTime="2025-11-29T14:55:37.2831167+01:00" testType="13cdc9d9-ddb5-4fa4-a97d-d965ccfc6d4b" outcome="Passed" testListId="8c84fa94-04c1-424b-9868-57a2d4851a1d" relativeResultsDirectory="afdbab9a-72ce-43a0-a8b0-7b4d7c74dbaa" />
    <UnitTestResult executionId="d212c64b-c284-4539-ae44-f4ef678857e4" testId="49328684-5af9-84d4-2a32-cdb4e24186a8" testName="AtLevel_Should_Add_LevelCondition" computerName="DESKTOP-OJ7QOA5" duration="00:00:00.0071060" startTime="2025-11-29T14:55:37.2618063+01:00" endTime="2025-11-29T14:55:37.2688729+01:00" testType="13cdc9d9-ddb5-4fa4-a97d-d965ccfc6d4b" outcome="Passed" testListId="8c84fa94-04c1-424b-9868-57a2d4851a1d" relativeResultsDirectory="d212c64b-c284-4539-ae44-f4ef678857e4" />
    <UnitTestResult executionId="f3af1827-e074-4fb2-871f-42717f8d608d" testId="f07d2c68-4fbc-8e43-5578-9d363232f7a2" testName="Test_Psychic_May_Lower_SpDef" computerName="DESKTOP-OJ7QOA5" duration="00:00:00.0002000" startTime="2025-11-29T14:55:37.2890092+01:00" endTime="2025-11-29T14:55:37.2892079+01:00" testType="13cdc9d9-ddb5-4fa4-a97d-d965ccfc6d4b" outcome="Passed" testListId="8c84fa94-04c1-424b-9868-57a2d4851a1d" relativeResultsDirectory="f3af1827-e074-4fb2-871f-42717f8d608d" />
    <UnitTestResult executionId="d03c1a3c-f856-4d39-a74d-733a524fbe0b" testId="4dba452d-05b9-9bc4-ec32-5f3b60052448" testName="Test_ThunderWave_Is_Guaranteed_Paralysis" computerName="DESKTOP-OJ7QOA5" duration="00:00:00.0002230" startTime="2025-11-29T14:55:37.2861093+01:00" endTime="2025-11-29T14:55:37.2863325+01:00" testType="13cdc9d9-ddb5-4fa4-a97d-d965ccfc6d4b" outcome="Passed" testListId="8c84fa94-04c1-424b-9868-57a2d4851a1d" relativeResultsDirectory="d03c1a3c-f856-4d39-a74d-733a524fbe0b" />
    <UnitTestResult executionId="276fb6d3-5e4b-4c02-b64e-245d9cd1101e" testId="1776fec1-0de9-f04b-4fb6-8dd723d437e2" testName="Test_Move_With_Self_Buff" computerName="DESKTOP-OJ7QOA5" duration="00:00:00.0001360" startTime="2025-11-29T14:55:37.3223714+01:00" endTime="2025-11-29T14:55:37.3225069+01:00" testType="13cdc9d9-ddb5-4fa4-a97d-d965ccfc6d4b" outcome="Passed" testListId="8c84fa94-04c1-424b-9868-57a2d4851a1d" relativeResultsDirectory="276fb6d3-5e4b-4c02-b64e-245d9cd1101e" />
    <UnitTestResult executionId="ba4c9011-9ded-4614-a347-be6a18142f3a" testId="9a68274a-1927-3181-7f10-8309c085b290" testName="Test_Thunderbolt_Data" computerName="DESKTOP-OJ7QOA5" duration="00:00:00.0003650" startTime="2025-11-29T14:55:37.2857366+01:00" endTime="2025-11-29T14:55:37.2861009+01:00" testType="13cdc9d9-ddb5-4fa4-a97d-d965ccfc6d4b" outcome="Passed" testListId="8c84fa94-04c1-424b-9868-57a2d4851a1d" relativeResultsDirectory="ba4c9011-9ded-4614-a347-be6a18142f3a" />
    <UnitTestResult executionId="8f5c57b4-0f5b-4583-a001-18c167cc4808" testId="8ab4a735-649f-4d0e-1764-21ad4eea21e7" testName="Evolution_Description_Should_Combine_All_Conditions" computerName="DESKTOP-OJ7QOA5" duration="00:00:00.0005019" startTime="2025-11-29T14:55:37.3352874+01:00" endTime="2025-11-29T14:55:37.3357892+01:00" testType="13cdc9d9-ddb5-4fa4-a97d-d965ccfc6d4b" outcome="Passed" testListId="8c84fa94-04c1-424b-9868-57a2d4851a1d" relativeResultsDirectory="8f5c57b4-0f5b-4583-a001-18c167cc4808" />
    <UnitTestResult executionId="f7a8c4e8-29e9-4b24-8f58-45303bcfe6d0" testId="1cf67916-31bf-a159-70da-7f61acad7be0" testName="KnowsMoveCondition_Should_Store_Move_Reference" computerName="DESKTOP-OJ7QOA5" duration="00:00:00.0044590" startTime="2025-11-29T14:55:37.3271305+01:00" endTime="2025-11-29T14:55:37.3315886+01:00" testType="13cdc9d9-ddb5-4fa4-a97d-d965ccfc6d4b" outcome="Passed" testListId="8c84fa94-04c1-424b-9868-57a2d4851a1d" relativeResultsDirectory="f7a8c4e8-29e9-4b24-8f58-45303bcfe6d0" />
    <UnitTestResult executionId="4b306b45-d3b9-4584-86c0-76978b91f382" testId="e7559408-b494-247b-567e-f43105f4fcbb" testName="Test_StatChangeEffect_Debuff" computerName="DESKTOP-OJ7QOA5" duration="00:00:00.0000860" startTime="2025-11-29T14:55:37.3257877+01:00" endTime="2025-11-29T14:55:37.3258736+01:00" testType="13cdc9d9-ddb5-4fa4-a97d-d965ccfc6d4b" outcome="Passed" testListId="8c84fa94-04c1-424b-9868-57a2d4851a1d" relativeResultsDirectory="4b306b45-d3b9-4584-86c0-76978b91f382" />
    <UnitTestResult executionId="86cdf9ca-4dfa-4876-9615-68e97a275fcd" testId="6a974ac7-25a2-6df8-1df3-fecf1cc8fa47" testName="Test_StatusEffect_With_Chance" computerName="DESKTOP-OJ7QOA5" duration="00:00:00.0000780" startTime="2025-11-29T14:55:37.3263134+01:00" endTime="2025-11-29T14:55:37.3263915+01:00" testType="13cdc9d9-ddb5-4fa4-a97d-d965ccfc6d4b" outcome="Passed" testListId="8c84fa94-04c1-424b-9868-57a2d4851a1d" relativeResultsDirectory="86cdf9ca-4dfa-4876-9615-68e97a275fcd" />
    <UnitTestResult executionId="2d76ac0b-f628-46e0-853a-3ed526b42254" testId="59d4edad-1b61-479e-1d12-0e5db5f9d2ef" testName="Test_All_Pokemon_Have_Positive_PokedexNumber" computerName="DESKTOP-OJ7QOA5" duration="00:00:00.0001330" startTime="2025-11-29T14:55:37.2992121+01:00" endTime="2025-11-29T14:55:37.2993447+01:00" testType="13cdc9d9-ddb5-4fa4-a97d-d965ccfc6d4b" outcome="Passed" testListId="8c84fa94-04c1-424b-9868-57a2d4851a1d" relativeResultsDirectory="2d76ac0b-f628-46e0-853a-3ed526b42254" />
    <UnitTestResult executionId="d2e12e7b-2037-4be8-831e-ce25df286a18" testId="3a66a8c2-f343-e53f-7de3-79d553711ac8" testName="Test_FixedDamageEffect_Level_Based" computerName="DESKTOP-OJ7QOA5" duration="00:00:00.0000900" startTime="2025-11-29T14:55:37.3244919+01:00" endTime="2025-11-29T14:55:37.3245814+01:00" testType="13cdc9d9-ddb5-4fa4-a97d-d965ccfc6d4b" outcome="Passed" testListId="8c84fa94-04c1-424b-9868-57a2d4851a1d" relativeResultsDirectory="d2e12e7b-2037-4be8-831e-ce25df286a18" />
    <UnitTestResult executionId="637afbe2-77e5-4e29-862b-1efa90f35bd3" testId="787168f7-4473-bc3b-2446-9bafc2c1cc1f" testName="Test_Register_Null_Throws" computerName="DESKTOP-OJ7QOA5" duration="00:00:00.0001140" startTime="2025-11-29T14:55:37.3180020+01:00" endTime="2025-11-29T14:55:37.3181156+01:00" testType="13cdc9d9-ddb5-4fa4-a97d-d965ccfc6d4b" outcome="Passed" testListId="8c84fa94-04c1-424b-9868-57a2d4851a1d" relativeResultsDirectory="637afbe2-77e5-4e29-862b-1efa90f35bd3" />
    <UnitTestResult executionId="8cb95592-2514-4500-b8db-a7aee8d99f4d" testId="a84acab6-1bce-9ff3-ce2b-f052a2f612e0" testName="Test_Id_Updates_When_Name_Changes" computerName="DESKTOP-OJ7QOA5" duration="00:00:00.0000490" startTime="2025-11-29T14:55:37.3197320+01:00" endTime="2025-11-29T14:55:37.3197813+01:00" testType="13cdc9d9-ddb5-4fa4-a97d-d965ccfc6d4b" outcome="Passed" testListId="8c84fa94-04c1-424b-9868-57a2d4851a1d" relativeResultsDirectory="8cb95592-2514-4500-b8db-a7aee8d99f4d" />
    <UnitTestResult executionId="e32e75bc-43b9-44bd-bc5f-3884097be1f4" testId="6d90305c-399b-112a-78db-fa2a446db577" testName="Test_Move_Can_Have_Any_Pokemon_Type(Water)" computerName="DESKTOP-OJ7QOA5" duration="00:00:00.0000140" startTime="2025-11-29T14:55:37.3044927+01:00" endTime="2025-11-29T14:55:37.3045068+01:00" testType="13cdc9d9-ddb5-4fa4-a97d-d965ccfc6d4b" outcome="Passed" testListId="8c84fa94-04c1-424b-9868-57a2d4851a1d" relativeResultsDirectory="e32e75bc-43b9-44bd-bc5f-3884097be1f4" />
    <UnitTestResult executionId="afce61e5-2c14-4362-95ef-0be95b33d4dd" testId="c6092830-0238-cb91-3b2b-06bd1aaee91e" testName="Test_Id_Returns_Name" computerName="DESKTOP-OJ7QOA5" duration="00:00:00.0000450" startTime="2025-11-29T14:55:37.3196823+01:00" endTime="2025-11-29T14:55:37.3197277+01:00" testType="13cdc9d9-ddb5-4fa4-a97d-d965ccfc6d4b" outcome="Passed" testListId="8c84fa94-04c1-424b-9868-57a2d4851a1d" relativeResultsDirectory="afce61e5-2c14-4362-95ef-0be95b33d4dd" />
    <UnitTestResult executionId="50145622-80e4-4aaa-83d9-7c0bf8c1c6e5" testId="3cce16ad-3ba9-c91c-9337-34a6b6b56815" testName="Test_Snorlax_Has_Extreme_Stats" computerName="DESKTOP-OJ7QOA5" duration="00:00:00.0000930" startTime="2025-11-29T14:55:37.2983263+01:00" endTime="2025-11-29T14:55:37.2984193+01:00" testType="13cdc9d9-ddb5-4fa4-a97d-d965ccfc6d4b" outcome="Passed" testListId="8c84fa94-04c1-424b-9868-57a2d4851a1d" relativeResultsDirectory="50145622-80e4-4aaa-83d9-7c0bf8c1c6e5" />
    <UnitTestResult executionId="0ebc62e5-422c-4b87-a58b-bb721d6ab768" testId="f325de7e-2de0-1459-0a9f-aba0fe820959" testName="Test_All_Pokemon_Have_Unique_Pokedex_Numbers" computerName="DESKTOP-OJ7QOA5" duration="00:00:00.0010100" startTime="2025-11-29T14:55:37.2996091+01:00" endTime="2025-11-29T14:55:37.3006189+01:00" testType="13cdc9d9-ddb5-4fa4-a97d-d965ccfc6d4b" outcome="Passed" testListId="8c84fa94-04c1-424b-9868-57a2d4851a1d" relativeResultsDirectory="0ebc62e5-422c-4b87-a58b-bb721d6ab768" />
    <UnitTestResult executionId="4892b420-d329-4659-bea1-7632dcac91e4" testId="6a7034c9-4ae5-8e13-c868-0b0451fbbeca" testName="Test_Move_Can_Have_Any_Pokemon_Type(Ghost)" computerName="DESKTOP-OJ7QOA5" duration="00:00:00.0000070" startTime="2025-11-29T14:55:37.3048152+01:00" endTime="2025-11-29T14:55:37.3048218+01:00" testType="13cdc9d9-ddb5-4fa4-a97d-d965ccfc6d4b" outcome="Passed" testListId="8c84fa94-04c1-424b-9868-57a2d4851a1d" relativeResultsDirectory="4892b420-d329-4659-bea1-7632dcac91e4" />
    <UnitTestResult executionId="6bd74832-c58a-4f5b-9446-e3cb995afb0f" testId="aa9874c0-5f4f-7e41-3539-d1dda9a7696e" testName="Test_Flamethrower_Data" computerName="DESKTOP-OJ7QOA5" duration="00:00:00.0001100" startTime="2025-11-29T14:55:37.2870786+01:00" endTime="2025-11-29T14:55:37.2871886+01:00" testType="13cdc9d9-ddb5-4fa4-a97d-d965ccfc6d4b" outcome="Passed" testListId="8c84fa94-04c1-424b-9868-57a2d4851a1d" relativeResultsDirectory="6bd74832-c58a-4f5b-9446-e3cb995afb0f" />
    <UnitTestResult executionId="65f6540f-90c7-4277-8136-f0bb07974046" testId="8ca84f37-65a0-0fbf-5c2c-51677df35db5" testName="Test_Move_Can_Have_Any_Pokemon_Type(Poison)" computerName="DESKTOP-OJ7QOA5" duration="00:00:00.0000040" startTime="2025-11-29T14:55:37.3047245+01:00" endTime="2025-11-29T14:55:37.3047285+01:00" testType="13cdc9d9-ddb5-4fa4-a97d-d965ccfc6d4b" outcome="Passed" testListId="8c84fa94-04c1-424b-9868-57a2d4851a1d" relativeResultsDirectory="65f6540f-90c7-4277-8136-f0bb07974046" />
    <UnitTestResult executionId="0c4782d2-39c0-41fc-9ed3-92b1e2bdc51a" testId="b4d3cf8f-0f60-8057-f5b8-afb55c399676" testName="Test_Squirtle_Evolution_Line" computerName="DESKTOP-OJ7QOA5" duration="00:00:00.0001330" startTime="2025-11-29T14:55:37.2985236+01:00" endTime="2025-11-29T14:55:37.2986565+01:00" testType="13cdc9d9-ddb5-4fa4-a97d-d965ccfc6d4b" outcome="Passed" testListId="8c84fa94-04c1-424b-9868-57a2d4851a1d" relativeResultsDirectory="0c4782d2-39c0-41fc-9ed3-92b1e2bdc51a" />
    <UnitTestResult executionId="0cc43672-1987-4c80-bb2d-4dcfa6a0132f" testId="9c5563cc-25b3-0406-0fb7-2f4d510ae0d5" testName="Test_Overwrite_Updates_Pokedex_Index" computerName="DESKTOP-OJ7QOA5" duration="00:00:00.0001040" startTime="2025-11-29T14:55:37.3164532+01:00" endTime="2025-11-29T14:55:37.3165573+01:00" testType="13cdc9d9-ddb5-4fa4-a97d-d965ccfc6d4b" outcome="Passed" testListId="8c84fa94-04c1-424b-9868-57a2d4851a1d" relativeResultsDirectory="0cc43672-1987-4c80-bb2d-4dcfa6a0132f" />
    <UnitTestResult executionId="e3977f15-7853-4347-bcc6-d78d6738a1fa" testId="44460908-7618-9215-31f2-3cb5841a269a" testName="Test_HydroPump_High_Power_Low_Accuracy" computerName="DESKTOP-OJ7QOA5" duration="00:00:00.0001590" startTime="2025-11-29T14:55:37.2888458+01:00" endTime="2025-11-29T14:55:37.2890043+01:00" testType="13cdc9d9-ddb5-4fa4-a97d-d965ccfc6d4b" outcome="Passed" testListId="8c84fa94-04c1-424b-9868-57a2d4851a1d" relativeResultsDirectory="e3977f15-7853-4347-bcc6-d78d6738a1fa" />
    <UnitTestResult executionId="5e85c725-f31d-4feb-ae74-9b98bc11bf18" testId="c4d1f9af-b23e-0dfd-6024-cbf82d384d05" testName="Evolution_Should_Store_Target" computerName="DESKTOP-OJ7QOA5" duration="00:00:00.0000520" startTime="2025-11-29T14:55:37.3365018+01:00" endTime="2025-11-29T14:55:37.3365538+01:00" testType="13cdc9d9-ddb5-4fa4-a97d-d965ccfc6d4b" outcome="Passed" testListId="8c84fa94-04c1-424b-9868-57a2d4851a1d" relativeResultsDirectory="5e85c725-f31d-4feb-ae74-9b98bc11bf18" />
    <UnitTestResult executionId="bae7830c-6fb4-4c1a-a35c-e4aa6a527f53" testId="b98ecf37-bac4-717d-edf7-68d3aff6c96e" testName="Test_Count_Is_Positive" computerName="DESKTOP-OJ7QOA5" duration="00:00:00.0000450" startTime="2025-11-29T14:55:37.3012144+01:00" endTime="2025-11-29T14:55:37.3012588+01:00" testType="13cdc9d9-ddb5-4fa4-a97d-d965ccfc6d4b" outcome="Passed" testListId="8c84fa94-04c1-424b-9868-57a2d4851a1d" relativeResultsDirectory="bae7830c-6fb4-4c1a-a35c-e4aa6a527f53" />
    <UnitTestResult executionId="58917a64-e76f-42ff-b1e8-86f0e7d683df" testId="75805ecb-51d4-54a4-42ac-1db64933df45" testName="Test_Move_Can_Have_Any_Pokemon_Type(Psychic)" computerName="DESKTOP-OJ7QOA5" duration="00:00:00.0000050" startTime="2025-11-29T14:55:37.3047865+01:00" endTime="2025-11-29T14:55:37.3047913+01:00" testType="13cdc9d9-ddb5-4fa4-a97d-d965ccfc6d4b" outcome="Passed" testListId="8c84fa94-04c1-424b-9868-57a2d4851a1d" relativeResultsDirectory="58917a64-e76f-42ff-b1e8-86f0e7d683df" />
    <UnitTestResult executionId="95aab22b-1146-4eea-bb8f-45cbfbc7d32d" testId="5105e5ee-35d4-b324-e25f-f58b857090a2" testName="Test_Priority_Move_Has_Positive_Priority" computerName="DESKTOP-OJ7QOA5" duration="00:00:00.0000580" startTime="2025-11-29T14:55:37.3052585+01:00" endTime="2025-11-29T14:55:37.3053158+01:00" testType="13cdc9d9-ddb5-4fa4-a97d-d965ccfc6d4b" outcome="Passed" testListId="8c84fa94-04c1-424b-9868-57a2d4851a1d" relativeResultsDirectory="95aab22b-1146-4eea-bb8f-45cbfbc7d32d" />
    <UnitTestResult executionId="ef58c64e-8ce5-49d5-886b-be845946e5eb" testId="3f447e38-0589-2ddd-71ea-dc86c5e8da6e" testName="Test_GetByPokedexNumber_NonExistent_Throws" computerName="DESKTOP-OJ7QOA5" duration="00:00:00.0000870" startTime="2025-11-29T14:55:37.3162511+01:00" endTime="2025-11-29T14:55:37.3163376+01:00" testType="13cdc9d9-ddb5-4fa4-a97d-d965ccfc6d4b" outcome="Passed" testListId="8c84fa94-04c1-424b-9868-57a2d4851a1d" relativeResultsDirectory="ef58c64e-8ce5-49d5-886b-be845946e5eb" />
    <UnitTestResult executionId="1cc90f46-cb2e-48d4-ba1c-df0bf4e897aa" testId="58f2ea72-24c6-cc82-f183-f2de8500c438" testName="Test_Move_Can_Have_Any_Pokemon_Type(Normal)" computerName="DESKTOP-OJ7QOA5" duration="00:00:00.0001280" startTime="2025-11-29T14:55:37.3042183+01:00" endTime="2025-11-29T14:55:37.3043462+01:00" testType="13cdc9d9-ddb5-4fa4-a97d-d965ccfc6d4b" outcome="Passed" testListId="8c84fa94-04c1-424b-9868-57a2d4851a1d" relativeResultsDirectory="1cc90f46-cb2e-48d4-ba1c-df0bf4e897aa" />
    <UnitTestResult executionId="6ab31f39-bf76-4c42-a0b5-aa9126d72b63" testId="3c5a9bfd-7c61-ff1c-ceef-ae5e15584450" testName="Test_RegisterAll_Populates_Registry" computerName="DESKTOP-OJ7QOA5" duration="00:00:00.0000790" startTime="2025-11-29T14:55:37.3017625+01:00" endTime="2025-11-29T14:55:37.3018417+01:00" testType="13cdc9d9-ddb5-4fa4-a97d-d965ccfc6d4b" outcome="Passed" testListId="8c84fa94-04c1-424b-9868-57a2d4851a1d" relativeResultsDirectory="6ab31f39-bf76-4c42-a0b5-aa9126d72b63" />
    <UnitTestResult executionId="3262c7f5-eeed-4148-af82-3a74e9d76661" testId="30154260-431c-2796-f6a2-66a2aaed5665" testName="Test_Overwrite_Duplicate_Name" computerName="DESKTOP-OJ7QOA5" duration="00:00:00.0001350" startTime="2025-11-29T14:55:37.3176257+01:00" endTime="2025-11-29T14:55:37.3177608+01:00" testType="13cdc9d9-ddb5-4fa4-a97d-d965ccfc6d4b" outcome="Passed" testListId="8c84fa94-04c1-424b-9868-57a2d4851a1d" relativeResultsDirectory="3262c7f5-eeed-4148-af82-3a74e9d76661" />
    <UnitTestResult executionId="a00b48f2-e60e-4e6e-b217-cb4691ec2f8f" testId="9c2f931b-b949-db5f-43d0-7cfd4802d7be" testName="Test_StatChangeEffect_All_Stats(Attack)" computerName="DESKTOP-OJ7QOA5" duration="00:00:00.0000740" startTime="2025-11-29T14:55:37.3252673+01:00" endTime="2025-11-29T14:55:37.3253411+01:00" testType="13cdc9d9-ddb5-4fa4-a97d-d965ccfc6d4b" outcome="Passed" testListId="8c84fa94-04c1-424b-9868-57a2d4851a1d" relativeResultsDirectory="a00b48f2-e60e-4e6e-b217-cb4691ec2f8f" />
    <UnitTestResult executionId="5ba24c26-1d06-4e1f-911e-3d7aeeeb514b" testId="a0e1e3c3-6416-95cf-454e-7cd64474b3b7" testName="Test_StatChangeEffect_All_Stats(SpAttack)" computerName="DESKTOP-OJ7QOA5" duration="00:00:00.0000140" startTime="2025-11-29T14:55:37.3254622+01:00" endTime="2025-11-29T14:55:37.3254763+01:00" testType="13cdc9d9-ddb5-4fa4-a97d-d965ccfc6d4b" outcome="Passed" testListId="8c84fa94-04c1-424b-9868-57a2d4851a1d" relativeResultsDirectory="5ba24c26-1d06-4e1f-911e-3d7aeeeb514b" />
    <UnitTestResult executionId="9e1124e9-769d-48c7-8c1a-a1fbb258c85e" testId="df95d880-0c76-2bc4-b648-51900e7c02b6" testName="Test_StatChangeEffect_Buff" computerName="DESKTOP-OJ7QOA5" duration="00:00:00.0001350" startTime="2025-11-29T14:55:37.3256489+01:00" endTime="2025-11-29T14:55:37.3257836+01:00" testType="13cdc9d9-ddb5-4fa4-a97d-d965ccfc6d4b" outcome="Passed" testListId="8c84fa94-04c1-424b-9868-57a2d4851a1d" relativeResultsDirectory="9e1124e9-769d-48c7-8c1a-a1fbb258c85e" />
    <UnitTestResult executionId="c0c3d53d-db70-422c-9756-3ee16561e3f3" testId="0773e7e7-2cf1-76cd-09b8-d1ad79006f4e" testName="Test_Id_Property_Returns_Name" computerName="DESKTOP-OJ7QOA5" duration="00:00:00.0000670" startTime="2025-11-29T14:55:37.3147522+01:00" endTime="2025-11-29T14:55:37.3148194+01:00" testType="13cdc9d9-ddb5-4fa4-a97d-d965ccfc6d4b" outcome="Passed" testListId="8c84fa94-04c1-424b-9868-57a2d4851a1d" relativeResultsDirectory="c0c3d53d-db70-422c-9756-3ee16561e3f3" />
    <UnitTestResult executionId="83819636-c397-43bb-b490-8e739d959402" testId="8ee0c3a9-874d-bb01-25bd-09b2ae779104" testName="Test_Move_With_Damage_Only" computerName="DESKTOP-OJ7QOA5" duration="00:00:00.0001160" startTime="2025-11-29T14:55:37.3220429+01:00" endTime="2025-11-29T14:55:37.3221591+01:00" testType="13cdc9d9-ddb5-4fa4-a97d-d965ccfc6d4b" outcome="Passed" testListId="8c84fa94-04c1-424b-9868-57a2d4851a1d" relativeResultsDirectory="83819636-c397-43bb-b490-8e739d959402" />
    <UnitTestResult executionId="7f83fb96-fc44-457d-b949-39124faef96d" testId="b5951094-b078-3fbc-3af4-c1d0abd71656" testName="Test_GetByCategory_Returns_All_Physical_Moves" computerName="DESKTOP-OJ7QOA5" duration="00:00:00.0003540" startTime="2025-11-29T14:55:37.3107750+01:00" endTime="2025-11-29T14:55:37.3111293+01:00" testType="13cdc9d9-ddb5-4fa4-a97d-d965ccfc6d4b" outcome="Passed" testListId="8c84fa94-04c1-424b-9868-57a2d4851a1d" relativeResultsDirectory="7f83fb96-fc44-457d-b949-39124faef96d" />
    <UnitTestResult executionId="33c0b596-1cd4-46c6-a5eb-e5330e9d3fec" testId="c2e524a8-b797-3b94-7ce7-7b07b86e8fd9" testName="Test_Move_With_Damage_And_Status" computerName="DESKTOP-OJ7QOA5" duration="00:00:00.0001890" startTime="2025-11-29T14:55:37.3218496+01:00" endTime="2025-11-29T14:55:37.3220387+01:00" testType="13cdc9d9-ddb5-4fa4-a97d-d965ccfc6d4b" outcome="Passed" testListId="8c84fa94-04c1-424b-9868-57a2d4851a1d" relativeResultsDirectory="33c0b596-1cd4-46c6-a5eb-e5330e9d3fec" />
    <UnitTestResult executionId="96fb7f76-f95e-4f63-8056-35371b0cef79" testId="0568674a-eed8-c416-aa48-231987b4e854" testName="Test_StatChangeEffect_With_Chance" computerName="DESKTOP-OJ7QOA5" duration="00:00:00.0000470" startTime="2025-11-29T14:55:37.3258778+01:00" endTime="2025-11-29T14:55:37.3259250+01:00" testType="13cdc9d9-ddb5-4fa4-a97d-d965ccfc6d4b" outcome="Passed" testListId="8c84fa94-04c1-424b-9868-57a2d4851a1d" relativeResultsDirectory="96fb7f76-f95e-4f63-8056-35371b0cef79" />
    <UnitTestResult executionId="998787de-a5b7-4df4-a08f-d692de9ad524" testId="6caeafae-a1a2-f153-846d-7c86ab5fd3aa" testName="Test_Move_With_Damage_And_StatChange" computerName="DESKTOP-OJ7QOA5" duration="00:00:00.0002280" startTime="2025-11-29T14:55:37.3216140+01:00" endTime="2025-11-29T14:55:37.3218421+01:00" testType="13cdc9d9-ddb5-4fa4-a97d-d965ccfc6d4b" outcome="Passed" testListId="8c84fa94-04c1-424b-9868-57a2d4851a1d" relativeResultsDirectory="998787de-a5b7-4df4-a08f-d692de9ad524" />
    <UnitTestResult executionId="28c1b751-3cc5-4ee1-9cab-2475d269c5e1" testId="42f4fd01-570f-560f-8142-828f1d778f7a" testName="Test_Move_With_MultiHit" computerName="DESKTOP-OJ7QOA5" duration="00:00:00.0001970" startTime="2025-11-29T14:55:37.3221640+01:00" endTime="2025-11-29T14:55:37.3223607+01:00" testType="13cdc9d9-ddb5-4fa4-a97d-d965ccfc6d4b" outcome="Passed" testListId="8c84fa94-04c1-424b-9868-57a2d4851a1d" relativeResultsDirectory="28c1b751-3cc5-4ee1-9cab-2475d269c5e1" />
    <UnitTestResult executionId="b545164b-7a26-472d-8a3e-db35efc26c83" testId="5dc74f57-055b-10b8-3e91-90789c3935ed" testName="Test_DamageEffect_Custom_Values" computerName="DESKTOP-OJ7QOA5" duration="00:00:00.0011329" startTime="2025-11-29T14:55:37.3227733+01:00" endTime="2025-11-29T14:55:37.3239059+01:00" testType="13cdc9d9-ddb5-4fa4-a97d-d965ccfc6d4b" outcome="Passed" testListId="8c84fa94-04c1-424b-9868-57a2d4851a1d" relativeResultsDirectory="b545164b-7a26-472d-8a3e-db35efc26c83" />
    <UnitTestResult executionId="584a8fe5-6039-4c50-ab90-e3fe4c8f7036" testId="bf30c48f-98b5-244c-170d-1d7011e151ac" testName="Test_Register_Multiple_Pokemon" computerName="DESKTOP-OJ7QOA5" duration="00:00:00.0001240" startTime="2025-11-29T14:55:37.3178679+01:00" endTime="2025-11-29T14:55:37.3179919+01:00" testType="13cdc9d9-ddb5-4fa4-a97d-d965ccfc6d4b" outcome="Passed" testListId="8c84fa94-04c1-424b-9868-57a2d4851a1d" relativeResultsDirectory="584a8fe5-6039-4c50-ab90-e3fe4c8f7036" />
    <UnitTestResult executionId="9f2106e9-ebb1-454a-bb42-c5a3452ecccf" testId="6f7b3154-f0d4-e19c-3263-6f5428499769" testName="Test_Venusaur_Cannot_Evolve" computerName="DESKTOP-OJ7QOA5" duration="00:00:00.0000490" startTime="2025-11-29T14:55:37.2986654+01:00" endTime="2025-11-29T14:55:37.2987141+01:00" testType="13cdc9d9-ddb5-4fa4-a97d-d965ccfc6d4b" outcome="Passed" testListId="8c84fa94-04c1-424b-9868-57a2d4851a1d" relativeResultsDirectory="9f2106e9-ebb1-454a-bb42-c5a3452ecccf" />
    <UnitTestResult executionId="8ea1979e-e5f1-45bb-a817-f442c651de02" testId="6ab25574-e2c3-626a-8327-f137e41adcf3" testName="Test_Pikachu_Evolves_With_Thunder_Stone" computerName="DESKTOP-OJ7QOA5" duration="00:00:00.0001140" startTime="2025-11-29T14:55:37.2980805+01:00" endTime="2025-11-29T14:55:37.2981939+01:00" testType="13cdc9d9-ddb5-4fa4-a97d-d965ccfc6d4b" outcome="Passed" testListId="8c84fa94-04c1-424b-9868-57a2d4851a1d" relativeResultsDirectory="8ea1979e-e5f1-45bb-a817-f442c651de02" />
    <UnitTestResult executionId="50e8ea94-e104-42be-bbc0-6d7cbc9985bb" testId="2eefca01-20ac-d19e-3de5-c3d3864e497e" testName="Constructor_Should_Set_All_Properties" computerName="DESKTOP-OJ7QOA5" duration="00:00:00.0001160" startTime="2025-11-29T14:55:37.3028851+01:00" endTime="2025-11-29T14:55:37.3030010+01:00" testType="13cdc9d9-ddb5-4fa4-a97d-d965ccfc6d4b" outcome="Passed" testListId="8c84fa94-04c1-424b-9868-57a2d4851a1d" relativeResultsDirectory="50e8ea94-e104-42be-bbc0-6d7cbc9985bb" />
    <UnitTestResult executionId="fa710780-5774-4810-98d2-0dd2e53d47c4" testId="56c83def-8012-cb93-84ea-cfd846a101e4" testName="Test_DamageEffect_Default_Values" computerName="DESKTOP-OJ7QOA5" duration="00:00:00.0004310" startTime="2025-11-29T14:55:37.3239181+01:00" endTime="2025-11-29T14:55:37.3243491+01:00" testType="13cdc9d9-ddb5-4fa4-a97d-d965ccfc6d4b" outcome="Passed" testListId="8c84fa94-04c1-424b-9868-57a2d4851a1d" relativeResultsDirectory="fa710780-5774-4810-98d2-0dd2e53d47c4" />
    <UnitTestResult executionId="cdad7300-a44f-4626-b1c1-fe5e3d4b4c8f" testId="d6126dba-444c-c5ea-c008-7647f0abf4f0" testName="Test_Raichu_Is_Stronger_Than_Pikachu" computerName="DESKTOP-OJ7QOA5" duration="00:00:00.0000440" startTime="2025-11-29T14:55:37.2982778+01:00" endTime="2025-11-29T14:55:37.2983221+01:00" testType="13cdc9d9-ddb5-4fa4-a97d-d965ccfc6d4b" outcome="Passed" testListId="8c84fa94-04c1-424b-9868-57a2d4851a1d" relativeResultsDirectory="cdad7300-a44f-4626-b1c1-fe5e3d4b4c8f" />
    <UnitTestResult executionId="5b5ae841-82fb-4cf1-a003-e9c4e6c66e0e" testId="307cc537-8048-ee40-7086-5bd145cc7c06" testName="Test_BaseStats_Total_Calculated_Correctly" computerName="DESKTOP-OJ7QOA5" duration="00:00:00.0000460" startTime="2025-11-29T14:55:37.3184295+01:00" endTime="2025-11-29T14:55:37.3184749+01:00" testType="13cdc9d9-ddb5-4fa4-a97d-d965ccfc6d4b" outcome="Passed" testListId="8c84fa94-04c1-424b-9868-57a2d4851a1d" relativeResultsDirectory="5b5ae841-82fb-4cf1-a003-e9c4e6c66e0e" />
    <UnitTestResult executionId="b5da7eb0-6a58-4171-aae7-4c6072476918" testId="8ac8f61d-31da-9c27-5351-7b8e586eb59c" testName="Test_Register_Null_Throws" computerName="DESKTOP-OJ7QOA5" duration="00:00:00.0001450" startTime="2025-11-29T14:55:37.3153192+01:00" endTime="2025-11-29T14:55:37.3154641+01:00" testType="13cdc9d9-ddb5-4fa4-a97d-d965ccfc6d4b" outcome="Passed" testListId="8c84fa94-04c1-424b-9868-57a2d4851a1d" relativeResultsDirectory="b5da7eb0-6a58-4171-aae7-4c6072476918" />
    <UnitTestResult executionId="bf41b270-0bc6-4948-8b69-18dd77d0e4a6" testId="de99e229-a792-fe59-af44-594f3069bbc3" testName="Test_MultiHitEffect_Range" computerName="DESKTOP-OJ7QOA5" duration="00:00:00.0001020" startTime="2025-11-29T14:55:37.3250441+01:00" endTime="2025-11-29T14:55:37.3251463+01:00" testType="13cdc9d9-ddb5-4fa4-a97d-d965ccfc6d4b" outcome="Passed" testListId="8c84fa94-04c1-424b-9868-57a2d4851a1d" relativeResultsDirectory="bf41b270-0bc6-4948-8b69-18dd77d0e4a6" />
    <UnitTestResult executionId="477df372-9c4c-43ca-ba96-613a97d410c2" testId="677ee9e4-008d-cd11-c308-73d144115c3e" testName="Test_DrainEffect" computerName="DESKTOP-OJ7QOA5" duration="00:00:00.0001250" startTime="2025-11-29T14:55:37.3243591+01:00" endTime="2025-11-29T14:55:37.3244841+01:00" testType="13cdc9d9-ddb5-4fa4-a97d-d965ccfc6d4b" outcome="Passed" testListId="8c84fa94-04c1-424b-9868-57a2d4851a1d" relativeResultsDirectory="477df372-9c4c-43ca-ba96-613a97d410c2" />
    <UnitTestResult executionId="02a868f8-5900-4898-8444-b5a43e943833" testId="ccb5df20-4e66-9960-0d97-bcf8478e9645" testName="Test_Register_Multiple_Moves" computerName="DESKTOP-OJ7QOA5" duration="00:00:00.0001210" startTime="2025-11-29T14:55:37.3151934+01:00" endTime="2025-11-29T14:55:37.3153145+01:00" testType="13cdc9d9-ddb5-4fa4-a97d-d965ccfc6d4b" outcome="Passed" testListId="8c84fa94-04c1-424b-9868-57a2d4851a1d" relativeResultsDirectory="02a868f8-5900-4898-8444-b5a43e943833" />
    <UnitTestResult executionId="2ebc7de5-1e26-45f8-8fe2-37e68c69e31c" testId="de6ecb2d-56a9-12c2-37ed-f7a4b87f8cf4" testName="Test_Can_Filter_By_Power_Range" computerName="DESKTOP-OJ7QOA5" duration="00:00:00.0046100" startTime="2025-11-29T14:55:37.3061163+01:00" endTime="2025-11-29T14:55:37.3107248+01:00" testType="13cdc9d9-ddb5-4fa4-a97d-d965ccfc6d4b" outcome="Passed" testListId="8c84fa94-04c1-424b-9868-57a2d4851a1d" relativeResultsDirectory="2ebc7de5-1e26-45f8-8fe2-37e68c69e31c" />
    <UnitTestResult executionId="023a5351-ba21-45a6-90c8-699fc0b77b73" testId="7eaadc4a-a3ef-9cfb-9688-f9992707cb90" testName="Evolution_GetCondition_Should_Return_Null_When_Not_Exists" computerName="DESKTOP-OJ7QOA5" duration="00:00:00.0001789" startTime="2025-11-29T14:55:37.3360421+01:00" endTime="2025-11-29T14:55:37.3362209+01:00" testType="13cdc9d9-ddb5-4fa4-a97d-d965ccfc6d4b" outcome="Passed" testListId="8c84fa94-04c1-424b-9868-57a2d4851a1d" relativeResultsDirectory="023a5351-ba21-45a6-90c8-699fc0b77b73" />
    <UnitTestResult executionId="7ebe97f5-4c16-4afd-823e-0282acf9720c" testId="af48c4f4-5e17-f5cc-676f-bbaac481cbfa" testName="Test_GetByPokedexNumber_Multiple_Pokemon" computerName="DESKTOP-OJ7QOA5" duration="00:00:00.0001510" startTime="2025-11-29T14:55:37.3160962+01:00" endTime="2025-11-29T14:55:37.3162470+01:00" testType="13cdc9d9-ddb5-4fa4-a97d-d965ccfc6d4b" outcome="Passed" testListId="8c84fa94-04c1-424b-9868-57a2d4851a1d" relativeResultsDirectory="7ebe97f5-4c16-4afd-823e-0282acf9720c" />
    <UnitTestResult executionId="8b2098e0-03db-4834-a6db-e189c0f23015" testId="3e8aa1fe-4408-0fb5-ba90-f804e7780c0b" testName="Define_Should_Set_Name_And_PokedexNumber" computerName="DESKTOP-OJ7QOA5" duration="00:00:00.0002770" startTime="2025-11-29T14:55:37.2799600+01:00" endTime="2025-11-29T14:55:37.2802366+01:00" testType="13cdc9d9-ddb5-4fa4-a97d-d965ccfc6d4b" outcome="Passed" testListId="8c84fa94-04c1-424b-9868-57a2d4851a1d" relativeResultsDirectory="8b2098e0-03db-4834-a6db-e189c0f23015" />
    <UnitTestResult executionId="472f5125-2ca9-4c00-a13a-ee4cffd47e4c" testId="66da0365-4f69-8914-0557-0f4d5e6df22a" testName="Test_All_Returns_Correct_Count" computerName="DESKTOP-OJ7QOA5" duration="00:00:00.0001160" startTime="2025-11-29T14:55:37.3010947+01:00" endTime="2025-11-29T14:55:37.3012100+01:00" testType="13cdc9d9-ddb5-4fa4-a97d-d965ccfc6d4b" outcome="Passed" testListId="8c84fa94-04c1-424b-9868-57a2d4851a1d" relativeResultsDirectory="472f5125-2ca9-4c00-a13a-ee4cffd47e4c" />
    <UnitTestResult executionId="00255ca9-30ab-401b-8edd-35a2d98be038" testId="960c8501-e4b5-d0e7-bf13-11127ff43e71" testName="EvolvesTo_Should_Add_Evolution" computerName="DESKTOP-OJ7QOA5" duration="00:00:00.0006160" startTime="2025-11-29T14:55:37.2802423+01:00" endTime="2025-11-29T14:55:37.2808585+01:00" testType="13cdc9d9-ddb5-4fa4-a97d-d965ccfc6d4b" outcome="Passed" testListId="8c84fa94-04c1-424b-9868-57a2d4851a1d" relativeResultsDirectory="00255ca9-30ab-401b-8edd-35a2d98be038" />
    <UnitTestResult executionId="011b0d12-fd12-4a79-bf01-2d241eaa031c" testId="602b67f5-9d30-a2c6-f724-ae6dfc9b2ca1" testName="Test_Move_Can_Have_Any_Pokemon_Type(Fire)" computerName="DESKTOP-OJ7QOA5" duration="00:00:00.0001310" startTime="2025-11-29T14:55:37.3043547+01:00" endTime="2025-11-29T14:55:37.3044851+01:00" testType="13cdc9d9-ddb5-4fa4-a97d-d965ccfc6d4b" outcome="Passed" testListId="8c84fa94-04c1-424b-9868-57a2d4851a1d" relativeResultsDirectory="011b0d12-fd12-4a79-bf01-2d241eaa031c" />
    <UnitTestResult executionId="923ae87f-30ac-44a0-b3d8-829c91c1baea" testId="0d64c3a4-bfee-34a0-5ee2-179fcd5b9f29" testName="Test_Snorlax_Stats" computerName="DESKTOP-OJ7QOA5" duration="00:00:00.0000910" startTime="2025-11-29T14:55:37.3025491+01:00" endTime="2025-11-29T14:55:37.3026396+01:00" testType="13cdc9d9-ddb5-4fa4-a97d-d965ccfc6d4b" outcome="Passed" testListId="8c84fa94-04c1-424b-9868-57a2d4851a1d" relativeResultsDirectory="923ae87f-30ac-44a0-b3d8-829c91c1baea" />
    <UnitTestResult executionId="36fe7d5f-9858-4275-988f-f1028e1213c9" testId="3a595178-e189-203a-bc8d-3f357a583b3b" testName="Test_RegisterAll_Populates_Registry" computerName="DESKTOP-OJ7QOA5" duration="00:00:00.0001080" startTime="2025-11-29T14:55:37.2948246+01:00" endTime="2025-11-29T14:55:37.2949327+01:00" testType="13cdc9d9-ddb5-4fa4-a97d-d965ccfc6d4b" outcome="Passed" testListId="8c84fa94-04c1-424b-9868-57a2d4851a1d" relativeResultsDirectory="36fe7d5f-9858-4275-988f-f1028e1213c9" />
    <UnitTestResult executionId="a60fbb5e-f597-42e7-b54f-5e0cbe6a8ed6" testId="a42c0f1e-d94e-11a4-c3e7-7ae03113d35e" testName="Test_All_Moves_Have_Positive_MaxPP" computerName="DESKTOP-OJ7QOA5" duration="00:00:00.0000989" startTime="2025-11-29T14:55:37.2905220+01:00" endTime="2025-11-29T14:55:37.2906213+01:00" testType="13cdc9d9-ddb5-4fa4-a97d-d965ccfc6d4b" outcome="Passed" testListId="8c84fa94-04c1-424b-9868-57a2d4851a1d" relativeResultsDirectory="a60fbb5e-f597-42e7-b54f-5e0cbe6a8ed6" />
    <UnitTestResult executionId="ffb3af0f-bda5-49f5-b2eb-362447a99aaf" testId="328648e7-d6a0-b46d-5387-319832b29f85" testName="Test_AllEnemies_Move" computerName="DESKTOP-OJ7QOA5" duration="00:00:00.0001240" startTime="2025-11-29T14:55:37.3037478+01:00" endTime="2025-11-29T14:55:37.3038714+01:00" testType="13cdc9d9-ddb5-4fa4-a97d-d965ccfc6d4b" outcome="Passed" testListId="8c84fa94-04c1-424b-9868-57a2d4851a1d" relativeResultsDirectory="ffb3af0f-bda5-49f5-b2eb-362447a99aaf" />
    <UnitTestResult executionId="45f1e741-cb23-46b1-8ef4-edb650ecd07d" testId="b49bf63e-1e77-d741-76fb-ae43ea91c775" testName="Test_All_Moves_Have_Valid_Category" computerName="DESKTOP-OJ7QOA5" duration="00:00:00.0001770" startTime="2025-11-29T14:55:37.2911056+01:00" endTime="2025-11-29T14:55:37.2912822+01:00" testType="13cdc9d9-ddb5-4fa4-a97d-d965ccfc6d4b" outcome="Passed" testListId="8c84fa94-04c1-424b-9868-57a2d4851a1d" relativeResultsDirectory="45f1e741-cb23-46b1-8ef4-edb650ecd07d" />
    <UnitTestResult executionId="13021669-d7f7-4e49-ab86-0d94e32540ab" testId="2638d7a2-c07d-a689-acd3-feb96e75d91f" testName="Test_MonoType_Pokemon" computerName="DESKTOP-OJ7QOA5" duration="00:00:00.0001130" startTime="2025-11-29T14:55:37.3197853+01:00" endTime="2025-11-29T14:55:37.3198978+01:00" testType="13cdc9d9-ddb5-4fa4-a97d-d965ccfc6d4b" outcome="Passed" testListId="8c84fa94-04c1-424b-9868-57a2d4851a1d" relativeResultsDirectory="13021669-d7f7-4e49-ab86-0d94e32540ab" />
    <UnitTestResult executionId="ae63f32a-b64b-4d3c-82d3-17f2fad2ed15" testId="4c994034-bd15-4a30-c8ca-995651a3198b" testName="Test_Negative_Priority_Move" computerName="DESKTOP-OJ7QOA5" duration="00:00:00.0000600" startTime="2025-11-29T14:55:37.3051941+01:00" endTime="2025-11-29T14:55:37.3052537+01:00" testType="13cdc9d9-ddb5-4fa4-a97d-d965ccfc6d4b" outcome="Passed" testListId="8c84fa94-04c1-424b-9868-57a2d4851a1d" relativeResultsDirectory="ae63f32a-b64b-4d3c-82d3-17f2fad2ed15" />
    <UnitTestResult executionId="f59feb93-1d27-4ef0-8ed0-66f8b497f37d" testId="337fae47-12d5-f870-fed9-12c7e915f691" testName="Test_Default_Values" computerName="DESKTOP-OJ7QOA5" duration="00:00:00.0001299" startTime="2025-11-29T14:55:37.3187273+01:00" endTime="2025-11-29T14:55:37.3188573+01:00" testType="13cdc9d9-ddb5-4fa4-a97d-d965ccfc6d4b" outcome="Passed" testListId="8c84fa94-04c1-424b-9868-57a2d4851a1d" relativeResultsDirectory="f59feb93-1d27-4ef0-8ed0-66f8b497f37d" />
    <UnitTestResult executionId="bbe01262-39cd-4074-8685-cfe5edc942bf" testId="ba4358f4-f3c1-d807-f5f2-08a0d3c8609c" testName="Test_HasType_Works_For_MonoType" computerName="DESKTOP-OJ7QOA5" duration="00:00:00.0001340" startTime="2025-11-29T14:55:37.3193441+01:00" endTime="2025-11-29T14:55:37.3194781+01:00" testType="13cdc9d9-ddb5-4fa4-a97d-d965ccfc6d4b" outcome="Passed" testListId="8c84fa94-04c1-424b-9868-57a2d4851a1d" relativeResultsDirectory="bbe01262-39cd-4074-8685-cfe5edc942bf" />
    <UnitTestResult executionId="91906c87-3a69-49f3-ac13-38762bbfa0be" testId="a3b21cca-1550-ccbd-6e43-56b690af4466" testName="Test_RegisterAll_All_Pokemon_Retrievable_By_Name" computerName="DESKTOP-OJ7QOA5" duration="00:00:00.0003400" startTime="2025-11-29T14:55:37.3012629+01:00" endTime="2025-11-29T14:55:37.3016026+01:00" testType="13cdc9d9-ddb5-4fa4-a97d-d965ccfc6d4b" outcome="Passed" testListId="8c84fa94-04c1-424b-9868-57a2d4851a1d" relativeResultsDirectory="91906c87-3a69-49f3-ac13-38762bbfa0be" />
    <UnitTestResult executionId="6c1b6a84-cf92-4629-969e-7b4d9fd1e5df" testId="b47de8ea-b26b-0888-85b0-976a06cdcdf7" testName="Test_Name_With_Special_Characters" computerName="DESKTOP-OJ7QOA5" duration="00:00:00.0000370" startTime="2025-11-29T14:55:37.3199606+01:00" endTime="2025-11-29T14:55:37.3199977+01:00" testType="13cdc9d9-ddb5-4fa4-a97d-d965ccfc6d4b" outcome="Passed" testListId="8c84fa94-04c1-424b-9868-57a2d4851a1d" relativeResultsDirectory="6c1b6a84-cf92-4629-969e-7b4d9fd1e5df" />
    <UnitTestResult executionId="069386fc-2d05-4c50-ba8b-aaf902c02096" testId="a7f1b465-ab7f-31b7-4224-8e406912615e" testName="Test_Name_Is_Case_Sensitive" computerName="DESKTOP-OJ7QOA5" duration="00:00:00.0001060" startTime="2025-11-29T14:55:37.3175157+01:00" endTime="2025-11-29T14:55:37.3176214+01:00" testType="13cdc9d9-ddb5-4fa4-a97d-d965ccfc6d4b" outcome="Passed" testListId="8c84fa94-04c1-424b-9868-57a2d4851a1d" relativeResultsDirectory="069386fc-2d05-4c50-ba8b-aaf902c02096" />
    <UnitTestResult executionId="6da6f188-9ce0-4293-aaaa-7fd717cc2ec5" testId="96fbb463-eb5c-a836-c524-8bdf4b20bed5" testName="Test_All_Pokemon_Have_Valid_PrimaryType" computerName="DESKTOP-OJ7QOA5" duration="00:00:00.0001070" startTime="2025-11-29T14:55:37.3009834+01:00" endTime="2025-11-29T14:55:37.3010903+01:00" testType="13cdc9d9-ddb5-4fa4-a97d-d965ccfc6d4b" outcome="Passed" testListId="8c84fa94-04c1-424b-9868-57a2d4851a1d" relativeResultsDirectory="6da6f188-9ce0-4293-aaaa-7fd717cc2ec5" />
    <UnitTestResult executionId="33b79797-fadb-49fd-ac77-d2f2d0937a3d" testId="349518b2-1ef4-ff5f-6b91-1277a9163b56" testName="Test_StatChangeEffect_All_Stats(Accuracy)" computerName="DESKTOP-OJ7QOA5" duration="00:00:00.0000150" startTime="2025-11-29T14:55:37.3256126+01:00" endTime="2025-11-29T14:55:37.3256278+01:00" testType="13cdc9d9-ddb5-4fa4-a97d-d965ccfc6d4b" outcome="Passed" testListId="8c84fa94-04c1-424b-9868-57a2d4851a1d" relativeResultsDirectory="33b79797-fadb-49fd-ac77-d2f2d0937a3d" />
    <UnitTestResult executionId="7c4e182e-181b-4d22-b2ca-12aa08eca03c" testId="5d27dd54-9337-9cb5-361c-6323558ac830" testName="Evolution_GetCondition_Should_Return_Condition_When_Exists" computerName="DESKTOP-OJ7QOA5" duration="00:00:00.0002320" startTime="2025-11-29T14:55:37.3357991+01:00" endTime="2025-11-29T14:55:37.3360312+01:00" testType="13cdc9d9-ddb5-4fa4-a97d-d965ccfc6d4b" outcome="Passed" testListId="8c84fa94-04c1-424b-9868-57a2d4851a1d" relativeResultsDirectory="7c4e182e-181b-4d22-b2ca-12aa08eca03c" />
    <UnitTestResult executionId="66bc0e35-5cc6-4e39-bd50-dcf3bee33222" testId="a2cf2fa6-72d1-4ae5-3147-a4765d899751" testName="Test_RegisterAll_Moves_Filterable_By_Type" computerName="DESKTOP-OJ7QOA5" duration="00:00:00.0024540" startTime="2025-11-29T14:55:37.2923518+01:00" endTime="2025-11-29T14:55:37.2948041+01:00" testType="13cdc9d9-ddb5-4fa4-a97d-d965ccfc6d4b" outcome="Passed" testListId="8c84fa94-04c1-424b-9868-57a2d4851a1d" relativeResultsDirectory="66bc0e35-5cc6-4e39-bd50-dcf3bee33222" />
    <UnitTestResult executionId="12f8ca85-c479-48c2-b55a-a7587599ad4b" testId="ccbb1743-ed6d-8410-5f21-91fbe452dc9d" testName="KnowsMove_Should_Add_KnowsMoveCondition" computerName="DESKTOP-OJ7QOA5" duration="00:00:00.0012140" startTime="2025-11-29T14:55:37.2734785+01:00" endTime="2025-11-29T14:55:37.2746926+01:00" testType="13cdc9d9-ddb5-4fa4-a97d-d965ccfc6d4b" outcome="Passed" testListId="8c84fa94-04c1-424b-9868-57a2d4851a1d" relativeResultsDirectory="12f8ca85-c479-48c2-b55a-a7587599ad4b" />
    <UnitTestResult executionId="64f18616-2cae-4397-baeb-3c57ca6dc7f9" testId="bba67eaf-ec8d-a585-aa96-7e6a94d90d9f" testName="Test_Negative_PokedexNumber_Not_Indexed" computerName="DESKTOP-OJ7QOA5" duration="00:00:00.0001040" startTime="2025-11-29T14:55:37.3163416+01:00" endTime="2025-11-29T14:55:37.3164449+01:00" testType="13cdc9d9-ddb5-4fa4-a97d-d965ccfc6d4b" outcome="Passed" testListId="8c84fa94-04c1-424b-9868-57a2d4851a1d" relativeResultsDirectory="64f18616-2cae-4397-baeb-3c57ca6dc7f9" />
    <UnitTestResult executionId="31dacd66-ac4b-4197-97bb-b06980372f00" testId="ab5299f2-05fc-11c1-c888-595ec380d2da" testName="Test_Move_Can_Have_Any_Pokemon_Type(Grass)" computerName="DESKTOP-OJ7QOA5" duration="00:00:00.0000390" startTime="2025-11-29T14:55:37.3046497+01:00" endTime="2025-11-29T14:55:37.3046890+01:00" testType="13cdc9d9-ddb5-4fa4-a97d-d965ccfc6d4b" outcome="Passed" testListId="8c84fa94-04c1-424b-9868-57a2d4851a1d" relativeResultsDirectory="31dacd66-ac4b-4197-97bb-b06980372f00" />
    <UnitTestResult executionId="a8393ac5-9923-4d34-a181-b62487e8d12b" testId="ff5909cd-5054-ef54-52d1-3e27e492ef0b" testName="Types_Should_Set_Dual_Types" computerName="DESKTOP-OJ7QOA5" duration="00:00:00.0002709" startTime="2025-11-29T14:55:37.2839763+01:00" endTime="2025-11-29T14:55:37.2842473+01:00" testType="13cdc9d9-ddb5-4fa4-a97d-d965ccfc6d4b" outcome="Passed" testListId="8c84fa94-04c1-424b-9868-57a2d4851a1d" relativeResultsDirectory="a8393ac5-9923-4d34-a181-b62487e8d12b" />
    <UnitTestResult executionId="721b1673-2f44-4ec5-85f4-226f50e6c339" testId="fef6e56b-3f98-58e9-f757-d8ba183e4a7d" testName="WithItem_Should_Add_ItemCondition" computerName="DESKTOP-OJ7QOA5" duration="00:00:00.0003560" startTime="2025-11-29T14:55:37.2750971+01:00" endTime="2025-11-29T14:55:37.2754526+01:00" testType="13cdc9d9-ddb5-4fa4-a97d-d965ccfc6d4b" outcome="Passed" testListId="8c84fa94-04c1-424b-9868-57a2d4851a1d" relativeResultsDirectory="721b1673-2f44-4ec5-85f4-226f50e6c339" />
    <UnitTestResult executionId="e471d899-c17c-4c9d-9e55-edbe927b3f1d" testId="32232edc-8b16-b37f-6605-69a946bb0e7c" testName="Test_Move_Can_Have_Any_Pokemon_Type(Electric)" computerName="DESKTOP-OJ7QOA5" duration="00:00:00.0000130" startTime="2025-11-29T14:55:37.3046937+01:00" endTime="2025-11-29T14:55:37.3047067+01:00" testType="13cdc9d9-ddb5-4fa4-a97d-d965ccfc6d4b" outcome="Passed" testListId="8c84fa94-04c1-424b-9868-57a2d4851a1d" relativeResultsDirectory="e471d899-c17c-4c9d-9e55-edbe927b3f1d" />
    <UnitTestResult executionId="c75c0476-d18a-4fab-a13d-6c2740a09982" testId="76a9c78f-3ce1-cc78-45ac-e284dbdfd819" testName="Test_All_Pokemon_Have_Unique_Names" computerName="DESKTOP-OJ7QOA5" duration="00:00:00.0002560" startTime="2025-11-29T14:55:37.2993492+01:00" endTime="2025-11-29T14:55:37.2996050+01:00" testType="13cdc9d9-ddb5-4fa4-a97d-d965ccfc6d4b" outcome="Passed" testListId="8c84fa94-04c1-424b-9868-57a2d4851a1d" relativeResultsDirectory="c75c0476-d18a-4fab-a13d-6c2740a09982" />
    <UnitTestResult executionId="c5994245-c315-4b1d-b258-01730a170b58" testId="66247c5a-0753-48b7-56f4-9dda0033f452" testName="Test_Charmander_Data" computerName="DESKTOP-OJ7QOA5" duration="00:00:00.0001160" startTime="2025-11-29T14:55:37.2962933+01:00" endTime="2025-11-29T14:55:37.2964088+01:00" testType="13cdc9d9-ddb5-4fa4-a97d-d965ccfc6d4b" outcome="Passed" testListId="8c84fa94-04c1-424b-9868-57a2d4851a1d" relativeResultsDirectory="c5994245-c315-4b1d-b258-01730a170b58" />
    <UnitTestResult executionId="b37b7cf8-bdaa-4a11-84c4-bb387f0f8669" testId="f628e0a7-960f-a9b4-8741-16e7b3823bda" testName="Test_Total_With_Same_Values" computerName="DESKTOP-OJ7QOA5" duration="00:00:00.0000410" startTime="2025-11-29T14:55:37.3027493+01:00" endTime="2025-11-29T14:55:37.3027903+01:00" testType="13cdc9d9-ddb5-4fa4-a97d-d965ccfc6d4b" outcome="Passed" testListId="8c84fa94-04c1-424b-9868-57a2d4851a1d" relativeResultsDirectory="b37b7cf8-bdaa-4a11-84c4-bb387f0f8669" />
    <UnitTestResult executionId="9f1ff4ea-e6da-4197-837e-eb02e360a205" testId="e5d5f901-48ac-61a2-5feb-90166006f11b" testName="DefaultConstructor_Should_Initialize" computerName="DESKTOP-OJ7QOA5" duration="00:00:00.0000520" startTime="2025-11-29T14:55:37.3030055+01:00" endTime="2025-11-29T14:55:37.3030576+01:00" testType="13cdc9d9-ddb5-4fa4-a97d-d965ccfc6d4b" outcome="Passed" testListId="8c84fa94-04c1-424b-9868-57a2d4851a1d" relativeResultsDirectory="9f1ff4ea-e6da-4197-837e-eb02e360a205" />
    <UnitTestResult executionId="ba3b87ea-617e-40f5-bdf9-af94e9867708" testId="f754b055-47cc-b300-b722-ba6d589c39ac" testName="Test_Default_Values" computerName="DESKTOP-OJ7QOA5" duration="00:00:00.0002000" startTime="2025-11-29T14:55:37.3038811+01:00" endTime="2025-11-29T14:55:37.3040809+01:00" testType="13cdc9d9-ddb5-4fa4-a97d-d965ccfc6d4b" outcome="Passed" testListId="8c84fa94-04c1-424b-9868-57a2d4851a1d" relativeResultsDirectory="ba3b87ea-617e-40f5-bdf9-af94e9867708" />
    <UnitTestResult executionId="2474a125-7eb7-4792-b2a9-8758143515aa" testId="3d4762fd-630e-3f6a-f55c-4d5ced1be280" testName="FriendshipCondition_Should_Accept_Custom_Value" computerName="DESKTOP-OJ7QOA5" duration="00:00:00.0000910" startTime="2025-11-29T14:55:37.3264598+01:00" endTime="2025-11-29T14:55:37.3265506+01:00" testType="13cdc9d9-ddb5-4fa4-a97d-d965ccfc6d4b" outcome="Passed" testListId="8c84fa94-04c1-424b-9868-57a2d4851a1d" relativeResultsDirectory="2474a125-7eb7-4792-b2a9-8758143515aa" />
    <UnitTestResult executionId="bbb0dc00-b2fa-4305-8e7a-e2da3dd20198" testId="fe233ab1-e9b1-cd2a-f188-a678275eda28" testName="Test_StatusEffect_Guaranteed" computerName="DESKTOP-OJ7QOA5" duration="00:00:00.0001260" startTime="2025-11-29T14:55:37.3261145+01:00" endTime="2025-11-29T14:55:37.3262408+01:00" testType="13cdc9d9-ddb5-4fa4-a97d-d965ccfc6d4b" outcome="Passed" testListId="8c84fa94-04c1-424b-9868-57a2d4851a1d" relativeResultsDirectory="bbb0dc00-b2fa-4305-8e7a-e2da3dd20198" />
    <UnitTestResult executionId="12f374fe-cb9c-4b5a-8334-2b385b3512c6" testId="a83f4844-897c-af0e-08a3-f624a1ae654b" testName="Test_Empty_Effects_List" computerName="DESKTOP-OJ7QOA5" duration="00:00:00.0001570" startTime="2025-11-29T14:55:37.3206999+01:00" endTime="2025-11-29T14:55:37.3208564+01:00" testType="13cdc9d9-ddb5-4fa4-a97d-d965ccfc6d4b" outcome="Passed" testListId="8c84fa94-04c1-424b-9868-57a2d4851a1d" relativeResultsDirectory="12f374fe-cb9c-4b5a-8334-2b385b3512c6" />
    <UnitTestResult executionId="fab3a79d-00e2-4067-bfd5-8683dd376895" testId="1987935e-709b-cc7d-1314-0ade8b0a4a13" testName="EvolvesTo_Should_Support_Multiple_Evolutions" computerName="DESKTOP-OJ7QOA5" duration="00:00:00.0003530" startTime="2025-11-29T14:55:37.2811673+01:00" endTime="2025-11-29T14:55:37.2815199+01:00" testType="13cdc9d9-ddb5-4fa4-a97d-d965ccfc6d4b" outcome="Passed" testListId="8c84fa94-04c1-424b-9868-57a2d4851a1d" relativeResultsDirectory="fab3a79d-00e2-4067-bfd5-8683dd376895" />
    <UnitTestResult executionId="29f74b93-a73c-4ce3-a054-91dad72e088c" testId="e37fba1f-0b03-69dc-3cdf-0e83d8ddb13e" testName="Test_RegisterAll_All_Pokemon_Retrievable_By_Number" computerName="DESKTOP-OJ7QOA5" duration="00:00:00.0001480" startTime="2025-11-29T14:55:37.3016070+01:00" endTime="2025-11-29T14:55:37.3017554+01:00" testType="13cdc9d9-ddb5-4fa4-a97d-d965ccfc6d4b" outcome="Passed" testListId="8c84fa94-04c1-424b-9868-57a2d4851a1d" relativeResultsDirectory="29f74b93-a73c-4ce3-a054-91dad72e088c" />
    <UnitTestResult executionId="72647f24-8469-4ca3-a204-d7f963aa525d" testId="e0448396-6bbf-2042-9a72-c84073726e26" testName="OnEvolution_Should_Add_Moves_With_Evolution_Method" computerName="DESKTOP-OJ7QOA5" duration="00:00:00.0001460" startTime="2025-11-29T14:55:37.2794142+01:00" endTime="2025-11-29T14:55:37.2795601+01:00" testType="13cdc9d9-ddb5-4fa4-a97d-d965ccfc6d4b" outcome="Passed" testListId="8c84fa94-04c1-424b-9868-57a2d4851a1d" relativeResultsDirectory="72647f24-8469-4ca3-a204-d7f963aa525d" />
    <UnitTestResult executionId="79fd0fca-062b-4760-9500-603604c840be" testId="792ba839-39ad-e6e2-c9a0-6f15b56b3b5b" testName="Test_Tackle_Data" computerName="DESKTOP-OJ7QOA5" duration="00:00:00.0001520" startTime="2025-11-29T14:55:37.2881711+01:00" endTime="2025-11-29T14:55:37.2883227+01:00" testType="13cdc9d9-ddb5-4fa4-a97d-d965ccfc6d4b" outcome="Passed" testListId="8c84fa94-04c1-424b-9868-57a2d4851a1d" relativeResultsDirectory="79fd0fca-062b-4760-9500-603604c840be" />
    <UnitTestResult executionId="c3d264ab-6799-45a2-a1b1-99dd1fcba0c5" testId="794970c8-cc99-fbda-41b5-542e1cdd6c7b" testName="Test_HasType_Returns_True_For_SecondaryType" computerName="DESKTOP-OJ7QOA5" duration="00:00:00.0000540" startTime="2025-11-29T14:55:37.3192836+01:00" endTime="2025-11-29T14:55:37.3193373+01:00" testType="13cdc9d9-ddb5-4fa4-a97d-d965ccfc6d4b" outcome="Passed" testListId="8c84fa94-04c1-424b-9868-57a2d4851a1d" relativeResultsDirectory="c3d264ab-6799-45a2-a1b1-99dd1fcba0c5" />
    <UnitTestResult executionId="1de32457-e982-46de-a31d-91f2828818c2" testId="6eabbbf1-eb01-bec0-03d2-df7523f4c988" testName="Test_ExistsByPokedexNumber_Returns_True_When_Exists" computerName="DESKTOP-OJ7QOA5" duration="00:00:00.0000699" startTime="2025-11-29T14:55:37.3160201+01:00" endTime="2025-11-29T14:55:37.3160901+01:00" testType="13cdc9d9-ddb5-4fa4-a97d-d965ccfc6d4b" outcome="Passed" testListId="8c84fa94-04c1-424b-9868-57a2d4851a1d" relativeResultsDirectory="1de32457-e982-46de-a31d-91f2828818c2" />
    <UnitTestResult executionId="8140d154-be06-4a10-884e-b9ef84fdf797" testId="780608ac-4e2c-7caa-7313-54fa02923ce1" testName="Test_GetEffect_Returns_Null_When_Not_Found" computerName="DESKTOP-OJ7QOA5" duration="00:00:00.0001240" startTime="2025-11-29T14:55:37.3208620+01:00" endTime="2025-11-29T14:55:37.3209858+01:00" testType="13cdc9d9-ddb5-4fa4-a97d-d965ccfc6d4b" outcome="Passed" testListId="8c84fa94-04c1-424b-9868-57a2d4851a1d" relativeResultsDirectory="8140d154-be06-4a10-884e-b9ef84fdf797" />
    <UnitTestResult executionId="20ee176b-52cf-4e52-b21f-b6853ce32120" testId="f426d10d-38e8-6ada-a4eb-49e17b4309a5" testName="Test_Various_Pokemon(&quot;Charmander&quot;,4,Fire,null,309)" computerName="DESKTOP-OJ7QOA5" duration="00:00:00.0001730" startTime="2025-11-29T14:55:37.3204181+01:00" endTime="2025-11-29T14:55:37.3205909+01:00" testType="13cdc9d9-ddb5-4fa4-a97d-d965ccfc6d4b" outcome="Passed" testListId="8c84fa94-04c1-424b-9868-57a2d4851a1d" relativeResultsDirectory="20ee176b-52cf-4e52-b21f-b6853ce32120" />
    <UnitTestResult executionId="2b931247-25f6-42b7-ae40-b034eab4be98" testId="88f89484-d223-917f-f994-d072a3338d07" testName="Test_StatChangeEffect_All_Stats(Speed)" computerName="DESKTOP-OJ7QOA5" duration="00:00:00.0000349" startTime="2025-11-29T14:55:37.3255689+01:00" endTime="2025-11-29T14:55:37.3256041+01:00" testType="13cdc9d9-ddb5-4fa4-a97d-d965ccfc6d4b" outcome="Passed" testListId="8c84fa94-04c1-424b-9868-57a2d4851a1d" relativeResultsDirectory="2b931247-25f6-42b7-ae40-b034eab4be98" />
    <UnitTestResult executionId="98561f2c-d3ac-4c8f-8450-a6e23c35b258" testId="a629a837-b66e-1d9d-b7a6-4fc6aa09931a" testName="Test_Move_With_Damage_And_Recoil" computerName="DESKTOP-OJ7QOA5" duration="00:00:00.0001740" startTime="2025-11-29T14:55:37.3214283+01:00" endTime="2025-11-29T14:55:37.3216021+01:00" testType="13cdc9d9-ddb5-4fa4-a97d-d965ccfc6d4b" outcome="Passed" testListId="8c84fa94-04c1-424b-9868-57a2d4851a1d" relativeResultsDirectory="98561f2c-d3ac-4c8f-8450-a6e23c35b258" />
    <UnitTestResult executionId="c2125a63-f7e3-4973-a21a-3c542e07add4" testId="5bc1b547-44cc-ed3c-03a4-cef45a5c6286" testName="Test_Name_With_Spaces" computerName="DESKTOP-OJ7QOA5" duration="00:00:00.0000520" startTime="2025-11-29T14:55:37.3199040+01:00" endTime="2025-11-29T14:55:37.3199562+01:00" testType="13cdc9d9-ddb5-4fa4-a97d-d965ccfc6d4b" outcome="Passed" testListId="8c84fa94-04c1-424b-9868-57a2d4851a1d" relativeResultsDirectory="c2125a63-f7e3-4973-a21a-3c542e07add4" />
    <UnitTestResult executionId="cc91267a-a9df-463a-8bf0-907626f2ae3b" testId="c9b73656-f486-6a73-1bad-5fe090f6a9c3" testName="Test_GetByCategory_Returns_All_Special_Moves" computerName="DESKTOP-OJ7QOA5" duration="00:00:00.0001680" startTime="2025-11-29T14:55:37.3111399+01:00" endTime="2025-11-29T14:55:37.3113078+01:00" testType="13cdc9d9-ddb5-4fa4-a97d-d965ccfc6d4b" outcome="Passed" testListId="8c84fa94-04c1-424b-9868-57a2d4851a1d" relativeResultsDirectory="cc91267a-a9df-463a-8bf0-907626f2ae3b" />
    <UnitTestResult executionId="3358f8a0-285f-4cfa-bd39-8ef0e00e1bea" testId="68292a5c-ca99-d1db-f372-ff3c27de4301" testName="Test_Id_Returns_Name" computerName="DESKTOP-OJ7QOA5" duration="00:00:00.0000460" startTime="2025-11-29T14:55:37.3041495+01:00" endTime="2025-11-29T14:55:37.3041949+01:00" testType="13cdc9d9-ddb5-4fa4-a97d-d965ccfc6d4b" outcome="Passed" testListId="8c84fa94-04c1-424b-9868-57a2d4851a1d" relativeResultsDirectory="3358f8a0-285f-4cfa-bd39-8ef0e00e1bea" />
    <UnitTestResult executionId="65e1f6f3-7714-4285-b8c0-f23f570e14ce" testId="d6bee934-2dbe-9c72-93f6-d66f184a5080" testName="Test_Ember_Data" computerName="DESKTOP-OJ7QOA5" duration="00:00:00.0001440" startTime="2025-11-29T14:55:37.2867582+01:00" endTime="2025-11-29T14:55:37.2869018+01:00" testType="13cdc9d9-ddb5-4fa4-a97d-d965ccfc6d4b" outcome="Passed" testListId="8c84fa94-04c1-424b-9868-57a2d4851a1d" relativeResultsDirectory="65e1f6f3-7714-4285-b8c0-f23f570e14ce" />
    <UnitTestResult executionId="b94acce9-efd4-4a4c-b9bd-6a6ed66d4d42" testId="e5926d20-3aa0-62a7-b8b7-8846e4a586fa" testName="ByTutor_Should_Add_Moves_With_Tutor_Method" computerName="DESKTOP-OJ7QOA5" duration="00:00:00.0001789" startTime="2025-11-29T14:55:37.2792259+01:00" endTime="2025-11-29T14:55:37.2794053+01:00" testType="13cdc9d9-ddb5-4fa4-a97d-d965ccfc6d4b" outcome="Passed" testListId="8c84fa94-04c1-424b-9868-57a2d4851a1d" relativeResultsDirectory="b94acce9-efd4-4a4c-b9bd-6a6ed66d4d42" />
    <UnitTestResult executionId="4f5c624e-b9ae-415d-80f7-d98091c5e1f3" testId="b448250c-fcf9-5125-d97d-5897442daf5b" testName="Test_Thunderbolt_Can_Paralyze" computerName="DESKTOP-OJ7QOA5" duration="00:00:00.0003720" startTime="2025-11-29T14:55:37.2853595+01:00" endTime="2025-11-29T14:55:37.2857319+01:00" testType="13cdc9d9-ddb5-4fa4-a97d-d965ccfc6d4b" outcome="Passed" testListId="8c84fa94-04c1-424b-9868-57a2d4851a1d" relativeResultsDirectory="4f5c624e-b9ae-415d-80f7-d98091c5e1f3" />
    <UnitTestResult executionId="34b9e75e-8526-4a49-a063-6e03ef956d73" testId="06853c56-07a9-7570-1ba1-9ba1b7bba41a" testName="Test_Register_And_Retrieve_By_Name" computerName="DESKTOP-OJ7QOA5" duration="00:00:00.0000970" startTime="2025-11-29T14:55:37.3177657+01:00" endTime="2025-11-29T14:55:37.3178628+01:00" testType="13cdc9d9-ddb5-4fa4-a97d-d965ccfc6d4b" outcome="Passed" testListId="8c84fa94-04c1-424b-9868-57a2d4851a1d" relativeResultsDirectory="34b9e75e-8526-4a49-a063-6e03ef956d73" />
    <UnitTestResult executionId="2813d3d3-fa98-400b-9fda-000663a85940" testId="fae51bcb-7eb4-4a84-df93-652ab1167640" testName="Test_FlinchEffect" computerName="DESKTOP-OJ7QOA5" duration="00:00:00.0000890" startTime="2025-11-29T14:55:37.3247332+01:00" endTime="2025-11-29T14:55:37.3248224+01:00" testType="13cdc9d9-ddb5-4fa4-a97d-d965ccfc6d4b" outcome="Passed" testListId="8c84fa94-04c1-424b-9868-57a2d4851a1d" relativeResultsDirectory="2813d3d3-fa98-400b-9fda-000663a85940" />
    <UnitTestResult executionId="24479b9f-1fb2-480b-a346-f75fefb25784" testId="8628968c-87f1-66dd-02d4-70982869b5c0" testName="Test_Ember_Can_Burn" computerName="DESKTOP-OJ7QOA5" duration="00:00:00.0001250" startTime="2025-11-29T14:55:37.2866282+01:00" endTime="2025-11-29T14:55:37.2867533+01:00" testType="13cdc9d9-ddb5-4fa4-a97d-d965ccfc6d4b" outcome="Passed" testListId="8c84fa94-04c1-424b-9868-57a2d4851a1d" relativeResultsDirectory="24479b9f-1fb2-480b-a346-f75fefb25784" />
    <UnitTestResult executionId="b55ef278-4e7b-44d5-88a6-5f8661c670c5" testId="97f13ea3-5b7d-ee3b-6698-7f85d667176f" testName="Test_Move_With_Three_Effects" computerName="DESKTOP-OJ7QOA5" duration="00:00:00.0000730" startTime="2025-11-29T14:55:37.3226316+01:00" endTime="2025-11-29T14:55:37.3227049+01:00" testType="13cdc9d9-ddb5-4fa4-a97d-d965ccfc6d4b" outcome="Passed" testListId="8c84fa94-04c1-424b-9868-57a2d4851a1d" relativeResultsDirectory="b55ef278-4e7b-44d5-88a6-5f8661c670c5" />
    <UnitTestResult executionId="4d8fbfa5-4dc2-409d-9109-e1834f3b4755" testId="78912c4a-71bf-7b45-5ce3-fa139796f22f" testName="Test_Properties_Are_Set_Correctly" computerName="DESKTOP-OJ7QOA5" duration="00:00:00.0001050" startTime="2025-11-29T14:55:37.3200020+01:00" endTime="2025-11-29T14:55:37.3201071+01:00" testType="13cdc9d9-ddb5-4fa4-a97d-d965ccfc6d4b" outcome="Passed" testListId="8c84fa94-04c1-424b-9868-57a2d4851a1d" relativeResultsDirectory="4d8fbfa5-4dc2-409d-9109-e1834f3b4755" />
    <UnitTestResult executionId="b7ca74d7-1067-467e-b91c-f3330a7c4610" testId="9aab449d-93b3-1d00-e0da-35f5c1f9a13b" testName="Test_Register_And_Retrieve_By_Name" computerName="DESKTOP-OJ7QOA5" duration="00:00:00.0000980" startTime="2025-11-29T14:55:37.3150914+01:00" endTime="2025-11-29T14:55:37.3151894+01:00" testType="13cdc9d9-ddb5-4fa4-a97d-d965ccfc6d4b" outcome="Passed" testListId="8c84fa94-04c1-424b-9868-57a2d4851a1d" relativeResultsDirectory="b7ca74d7-1067-467e-b91c-f3330a7c4610" />
    <UnitTestResult executionId="971dfbd2-e650-44f6-9cc1-eb44c7ea4a46" testId="51a629c6-df8d-b45b-2d24-fddf7dfb4498" testName="Test_Charmander_Learnset" computerName="DESKTOP-OJ7QOA5" duration="00:00:00.0007200" startTime="2025-11-29T14:55:37.2965849+01:00" endTime="2025-11-29T14:55:37.2973048+01:00" testType="13cdc9d9-ddb5-4fa4-a97d-d965ccfc6d4b" outcome="Passed" testListId="8c84fa94-04c1-424b-9868-57a2d4851a1d" relativeResultsDirectory="971dfbd2-e650-44f6-9cc1-eb44c7ea4a46" />
    <UnitTestResult executionId="f21112bd-be1b-4a78-817e-371e3046464d" testId="66b1a7fd-dbcd-4316-1f37-54df5f3d2920" testName="Test_DualType_Pokemon" computerName="DESKTOP-OJ7QOA5" duration="00:00:00.0001630" startTime="2025-11-29T14:55:37.3188616+01:00" endTime="2025-11-29T14:55:37.3190239+01:00" testType="13cdc9d9-ddb5-4fa4-a97d-d965ccfc6d4b" outcome="Passed" testListId="8c84fa94-04c1-424b-9868-57a2d4851a1d" relativeResultsDirectory="f21112bd-be1b-4a78-817e-371e3046464d" />
    <UnitTestResult executionId="852ce6cc-dbd0-4481-a669-648d3b2254fb" testId="ed1af8df-ab2f-5b42-d54b-1dd0255eb9e7" testName="Test_ExistsByPokedexNumber_Returns_False_When_Not_Exists" computerName="DESKTOP-OJ7QOA5" duration="00:00:00.0000920" startTime="2025-11-29T14:55:37.3159234+01:00" endTime="2025-11-29T14:55:37.3160155+01:00" testType="13cdc9d9-ddb5-4fa4-a97d-d965ccfc6d4b" outcome="Passed" testListId="8c84fa94-04c1-424b-9868-57a2d4851a1d" relativeResultsDirectory="852ce6cc-dbd0-4481-a669-648d3b2254fb" />
    <UnitTestResult executionId="a065464c-5f16-4b32-b85d-4faafaf96bc9" testId="038ac627-e802-71c7-6d50-5c0126232365" testName="TradeCondition_Should_Have_Correct_Type" computerName="DESKTOP-OJ7QOA5" duration="00:00:00.0000960" startTime="2025-11-29T14:55:37.3320110+01:00" endTime="2025-11-29T14:55:37.3321070+01:00" testType="13cdc9d9-ddb5-4fa4-a97d-d965ccfc6d4b" outcome="Passed" testListId="8c84fa94-04c1-424b-9868-57a2d4851a1d" relativeResultsDirectory="a065464c-5f16-4b32-b85d-4faafaf96bc9" />
    <UnitTestResult executionId="6f070e1b-31e5-4683-860a-3639169f0c69" testId="2653e6eb-3b7a-5b33-3013-ec9342b13a75" testName="Test_Mewtwo_Data" computerName="DESKTOP-OJ7QOA5" duration="00:00:00.0001420" startTime="2025-11-29T14:55:37.2977870+01:00" endTime="2025-11-29T14:55:37.2979286+01:00" testType="13cdc9d9-ddb5-4fa4-a97d-d965ccfc6d4b" outcome="Passed" testListId="8c84fa94-04c1-424b-9868-57a2d4851a1d" relativeResultsDirectory="6f070e1b-31e5-4683-860a-3639169f0c69" />
    <UnitTestResult executionId="db151bb7-29ff-4633-9254-045ebf8a3686" testId="1c646c1a-f907-7685-b5b3-8bbc73b7b5ff" testName="Test_All_Returns_Correct_Count" computerName="DESKTOP-OJ7QOA5" duration="00:00:00.0001330" startTime="2025-11-29T14:55:37.2914031+01:00" endTime="2025-11-29T14:55:37.2915363+01:00" testType="13cdc9d9-ddb5-4fa4-a97d-d965ccfc6d4b" outcome="Passed" testListId="8c84fa94-04c1-424b-9868-57a2d4851a1d" relativeResultsDirectory="db151bb7-29ff-4633-9254-045ebf8a3686" />
    <UnitTestResult executionId="9157ec8a-52c4-4920-9432-b76fde4d8cb7" testId="fef1b5e7-db32-88f4-d13b-8ac74b9e8397" testName="Evolution_Should_Have_Empty_Conditions_By_Default" computerName="DESKTOP-OJ7QOA5" duration="00:00:00.0000710" startTime="2025-11-29T14:55:37.3364262+01:00" endTime="2025-11-29T14:55:37.3364971+01:00" testType="13cdc9d9-ddb5-4fa4-a97d-d965ccfc6d4b" outcome="Passed" testListId="8c84fa94-04c1-424b-9868-57a2d4851a1d" relativeResultsDirectory="9157ec8a-52c4-4920-9432-b76fde4d8cb7" />
    <UnitTestResult executionId="d2448f97-c457-4bd5-b4d1-d376dc74c6f8" testId="7feda216-8217-f861-46c2-e7b61df195cb" testName="Test_Various_Pokemon(&quot;Pikachu&quot;,25,Electric,null,320)" computerName="DESKTOP-OJ7QOA5" duration="00:00:00.0000080" startTime="2025-11-29T14:55:37.3206224+01:00" endTime="2025-11-29T14:55:37.3206308+01:00" testType="13cdc9d9-ddb5-4fa4-a97d-d965ccfc6d4b" outcome="Passed" testListId="8c84fa94-04c1-424b-9868-57a2d4851a1d" relativeResultsDirectory="d2448f97-c457-4bd5-b4d1-d376dc74c6f8" />
    <UnitTestResult executionId="cfca164e-c8a3-4c68-8d70-aceb1b64dbe6" testId="1fcbe005-7aa6-c561-c30e-0ac410a217fa" testName="Test_FixedDamageEffect_With_Amount" computerName="DESKTOP-OJ7QOA5" duration="00:00:00.0001430" startTime="2025-11-29T14:55:37.3245857+01:00" endTime="2025-11-29T14:55:37.3247290+01:00" testType="13cdc9d9-ddb5-4fa4-a97d-d965ccfc6d4b" outcome="Passed" testListId="8c84fa94-04c1-424b-9868-57a2d4851a1d" relativeResultsDirectory="cfca164e-c8a3-4c68-8d70-aceb1b64dbe6" />
    <UnitTestResult executionId="fa27cfc4-e512-48c5-be72-964a987e9008" testId="dbea1b64-d887-f26b-9b7d-f4509eb99288" testName="Test_Move_Can_Have_Any_Pokemon_Type(Steel)" computerName="DESKTOP-OJ7QOA5" duration="00:00:00.0000040" startTime="2025-11-29T14:55:37.3048371+01:00" endTime="2025-11-29T14:55:37.3048410+01:00" testType="13cdc9d9-ddb5-4fa4-a97d-d965ccfc6d4b" outcome="Passed" testListId="8c84fa94-04c1-424b-9868-57a2d4851a1d" relativeResultsDirectory="fa27cfc4-e512-48c5-be72-964a987e9008" />
    <UnitTestResult executionId="0107c5c3-2ddb-41ac-b403-53c69a9f2645" testId="4984cd13-abf6-d6e1-ee29-e75212e4e661" testName="StartsWith_Should_Add_Moves_With_Start_Method" computerName="DESKTOP-OJ7QOA5" duration="00:00:00.0002910" startTime="2025-11-29T14:55:37.2795714+01:00" endTime="2025-11-29T14:55:37.2798624+01:00" testType="13cdc9d9-ddb5-4fa4-a97d-d965ccfc6d4b" outcome="Passed" testListId="8c84fa94-04c1-424b-9868-57a2d4851a1d" relativeResultsDirectory="0107c5c3-2ddb-41ac-b403-53c69a9f2645" />
    <UnitTestResult executionId="3a7ca49a-74d8-4d87-93de-19679ea90f8b" testId="2061a1b4-e160-95fb-75bf-92517888605c" testName="Test_StatusEffect_All_Statuses(Sleep)" computerName="DESKTOP-OJ7QOA5" duration="00:00:00.0000130" startTime="2025-11-29T14:55:37.3260821+01:00" endTime="2025-11-29T14:55:37.3260947+01:00" testType="13cdc9d9-ddb5-4fa4-a97d-d965ccfc6d4b" outcome="Passed" testListId="8c84fa94-04c1-424b-9868-57a2d4851a1d" relativeResultsDirectory="3a7ca49a-74d8-4d87-93de-19679ea90f8b" />
    <UnitTestResult executionId="f8cc5175-9a97-4574-ae31-6a64fbcfce0f" testId="749dce95-0786-e4de-28aa-60c57945a4ee" testName="Test_All_Starters_Dual_Lookup" computerName="DESKTOP-OJ7QOA5" duration="00:00:00.0001930" startTime="2025-11-29T14:55:37.3155289+01:00" endTime="2025-11-29T14:55:37.3157223+01:00" testType="13cdc9d9-ddb5-4fa4-a97d-d965ccfc6d4b" outcome="Passed" testListId="8c84fa94-04c1-424b-9868-57a2d4851a1d" relativeResultsDirectory="f8cc5175-9a97-4574-ae31-6a64fbcfce0f" />
    <UnitTestResult executionId="ed631413-b4c9-4675-ab80-6c1360be723e" testId="103199d7-f563-29a5-6e12-56c877f41266" testName="Test_Move_With_Status_Only" computerName="DESKTOP-OJ7QOA5" duration="00:00:00.0001110" startTime="2025-11-29T14:55:37.3225135+01:00" endTime="2025-11-29T14:55:37.3226248+01:00" testType="13cdc9d9-ddb5-4fa4-a97d-d965ccfc6d4b" outcome="Passed" testListId="8c84fa94-04c1-424b-9868-57a2d4851a1d" relativeResultsDirectory="ed631413-b4c9-4675-ab80-6c1360be723e" />
    <UnitTestResult executionId="24944f4b-9eaf-4aaf-ab4a-24778a1fd00c" testId="4005ddeb-4f3c-a84b-e5c6-8133fbd02f78" testName="ByTrade_Should_Add_TradeCondition" computerName="DESKTOP-OJ7QOA5" duration="00:00:00.0002230" startTime="2025-11-29T14:55:37.2711561+01:00" endTime="2025-11-29T14:55:37.2713790+01:00" testType="13cdc9d9-ddb5-4fa4-a97d-d965ccfc6d4b" outcome="Passed" testListId="8c84fa94-04c1-424b-9868-57a2d4851a1d" relativeResultsDirectory="24944f4b-9eaf-4aaf-ab4a-24778a1fd00c" />
    <UnitTestResult executionId="99fb0d94-8fc0-4316-ab27-2cbd5602f57c" testId="3ba37630-145f-786b-22d2-cd4d8a0ed9fb" testName="Test_Growl_Lowers_Attack" computerName="DESKTOP-OJ7QOA5" duration="00:00:00.0004010" startTime="2025-11-29T14:55:37.2872587+01:00" endTime="2025-11-29T14:55:37.2876600+01:00" testType="13cdc9d9-ddb5-4fa4-a97d-d965ccfc6d4b" outcome="Passed" testListId="8c84fa94-04c1-424b-9868-57a2d4851a1d" relativeResultsDirectory="99fb0d94-8fc0-4316-ab27-2cbd5602f57c" />
    <UnitTestResult executionId="4dc965cc-f419-433f-8879-47fac832363d" testId="bc9a783d-10fd-37b8-423b-84c225356daa" testName="Test_All_Status_Moves_Have_Zero_Power" computerName="DESKTOP-OJ7QOA5" duration="00:00:00.0001470" startTime="2025-11-29T14:55:37.2915438+01:00" endTime="2025-11-29T14:55:37.2916909+01:00" testType="13cdc9d9-ddb5-4fa4-a97d-d965ccfc6d4b" outcome="Passed" testListId="8c84fa94-04c1-424b-9868-57a2d4851a1d" relativeResultsDirectory="4dc965cc-f419-433f-8879-47fac832363d" />
    <UnitTestResult executionId="ab34a015-2b00-4620-b342-95373c8d8bd7" testId="385a0462-b70f-7b4a-2633-3afc01431480" testName="Test_All_Moves_Have_At_Least_One_Effect" computerName="DESKTOP-OJ7QOA5" duration="00:00:00.0001140" startTime="2025-11-29T14:55:37.2904036+01:00" endTime="2025-11-29T14:55:37.2905179+01:00" testType="13cdc9d9-ddb5-4fa4-a97d-d965ccfc6d4b" outcome="Passed" testListId="8c84fa94-04c1-424b-9868-57a2d4851a1d" relativeResultsDirectory="ab34a015-2b00-4620-b342-95373c8d8bd7" />
    <UnitTestResult executionId="b58e1cc4-102e-48a2-9c15-b7a60397f0ab" testId="cd4c29bb-322f-1ca5-a383-656990c7e3d4" testName="Test_Name_Is_Case_Sensitive" computerName="DESKTOP-OJ7QOA5" duration="00:00:00.0001170" startTime="2025-11-29T14:55:37.3148282+01:00" endTime="2025-11-29T14:55:37.3149450+01:00" testType="13cdc9d9-ddb5-4fa4-a97d-d965ccfc6d4b" outcome="Passed" testListId="8c84fa94-04c1-424b-9868-57a2d4851a1d" relativeResultsDirectory="b58e1cc4-102e-48a2-9c15-b7a60397f0ab" />
    <UnitTestResult executionId="a3fb41f7-0098-4370-8e25-4dade73e9f54" testId="c527cf55-0dd7-bdb4-c4b0-444cfc7880d3" testName="Test_Self_Targeting_Move" computerName="DESKTOP-OJ7QOA5" duration="00:00:00.0000690" startTime="2025-11-29T14:55:37.3053260+01:00" endTime="2025-11-29T14:55:37.3053949+01:00" testType="13cdc9d9-ddb5-4fa4-a97d-d965ccfc6d4b" outcome="Passed" testListId="8c84fa94-04c1-424b-9868-57a2d4851a1d" relativeResultsDirectory="a3fb41f7-0098-4370-8e25-4dade73e9f54" />
    <UnitTestResult executionId="d5463335-430b-49f7-aa44-fd759584646c" testId="df91a1c9-b045-0b85-3c3f-a9bd0c66c55e" testName="ItemCondition_Should_Store_ItemName" computerName="DESKTOP-OJ7QOA5" duration="00:00:00.0001490" startTime="2025-11-29T14:55:37.3269763+01:00" endTime="2025-11-29T14:55:37.3271256+01:00" testType="13cdc9d9-ddb5-4fa4-a97d-d965ccfc6d4b" outcome="Passed" testListId="8c84fa94-04c1-424b-9868-57a2d4851a1d" relativeResultsDirectory="d5463335-430b-49f7-aa44-fd759584646c" />
    <UnitTestResult executionId="2b0c2802-3fc0-42dd-af5d-af43b0d89b5a" testId="df59de7c-4c1f-7666-e6a2-20955a8ec33e" testName="Test_Id_Returns_Empty_When_Name_Is_Default" computerName="DESKTOP-OJ7QOA5" duration="00:00:00.0000580" startTime="2025-11-29T14:55:37.3196170+01:00" endTime="2025-11-29T14:55:37.3196747+01:00" testType="13cdc9d9-ddb5-4fa4-a97d-d965ccfc6d4b" outcome="Passed" testListId="8c84fa94-04c1-424b-9868-57a2d4851a1d" relativeResultsDirectory="2b0c2802-3fc0-42dd-af5d-af43b0d89b5a" />
    <UnitTestResult executionId="d4ed6443-7e5d-4ec6-a399-6d4cd988fe2c" testId="970e6083-9c26-0e9a-16ff-631643e70b40" testName="Test_RazorLeaf_Has_High_Crit" computerName="DESKTOP-OJ7QOA5" duration="00:00:00.0001610" startTime="2025-11-29T14:55:37.2892393+01:00" endTime="2025-11-29T14:55:37.2894000+01:00" testType="13cdc9d9-ddb5-4fa4-a97d-d965ccfc6d4b" outcome="Passed" testListId="8c84fa94-04c1-424b-9868-57a2d4851a1d" relativeResultsDirectory="d4ed6443-7e5d-4ec6-a399-6d4cd988fe2c" />
    <UnitTestResult executionId="7a464814-7ae6-46e5-a991-bbed3ba09ed5" testId="d241314b-b28b-948d-99a6-bab74a5fabaa" testName="Test_BaseStats_Default_Is_Not_Null" computerName="DESKTOP-OJ7QOA5" duration="00:00:00.0000560" startTime="2025-11-29T14:55:37.3183693+01:00" endTime="2025-11-29T14:55:37.3184249+01:00" testType="13cdc9d9-ddb5-4fa4-a97d-d965ccfc6d4b" outcome="Passed" testListId="8c84fa94-04c1-424b-9868-57a2d4851a1d" relativeResultsDirectory="7a464814-7ae6-46e5-a991-bbed3ba09ed5" />
    <UnitTestResult executionId="d96122b3-69d5-4319-8854-eb4cf18e9159" testId="cdc57f68-8456-202e-2819-31f62ac7e166" testName="Test_All_Fire_Moves_Can_Burn" computerName="DESKTOP-OJ7QOA5" duration="00:00:00.0002080" startTime="2025-11-29T14:55:37.2864144+01:00" endTime="2025-11-29T14:55:37.2866219+01:00" testType="13cdc9d9-ddb5-4fa4-a97d-d965ccfc6d4b" outcome="Passed" testListId="8c84fa94-04c1-424b-9868-57a2d4851a1d" relativeResultsDirectory="d96122b3-69d5-4319-8854-eb4cf18e9159" />
    <UnitTestResult executionId="76c469db-3341-4f32-a877-8d105de3fce8" testId="b9b2f9d5-5abf-f088-b486-0ae72300c41e" testName="FriendshipCondition_Should_Have_Default_Value" computerName="DESKTOP-OJ7QOA5" duration="00:00:00.0004110" startTime="2025-11-29T14:55:37.3265593+01:00" endTime="2025-11-29T14:55:37.3269697+01:00" testType="13cdc9d9-ddb5-4fa4-a97d-d965ccfc6d4b" outcome="Passed" testListId="8c84fa94-04c1-424b-9868-57a2d4851a1d" relativeResultsDirectory="76c469db-3341-4f32-a877-8d105de3fce8" />
    <UnitTestResult executionId="662dd83f-113d-4e57-bb9f-5d8f18c139c7" testId="ba645a80-920e-e2ae-bb7a-09c7f89f7db1" testName="AtLevel_Should_Support_Multiple_Moves" computerName="DESKTOP-OJ7QOA5" duration="00:00:00.0003790" startTime="2025-11-29T14:55:37.2771917+01:00" endTime="2025-11-29T14:55:37.2775704+01:00" testType="13cdc9d9-ddb5-4fa4-a97d-d965ccfc6d4b" outcome="Passed" testListId="8c84fa94-04c1-424b-9868-57a2d4851a1d" relativeResultsDirectory="662dd83f-113d-4e57-bb9f-5d8f18c139c7" />
    <UnitTestResult executionId="345fd1db-c23f-48a3-b437-c0da725d4344" testId="414d09a4-0328-504e-74d7-f30c575ba655" testName="Test_Charmander_Evolution_Line" computerName="DESKTOP-OJ7QOA5" duration="00:00:00.0001680" startTime="2025-11-29T14:55:37.2964130+01:00" endTime="2025-11-29T14:55:37.2965808+01:00" testType="13cdc9d9-ddb5-4fa4-a97d-d965ccfc6d4b" outcome="Passed" testListId="8c84fa94-04c1-424b-9868-57a2d4851a1d" relativeResultsDirectory="345fd1db-c23f-48a3-b437-c0da725d4344" />
    <UnitTestResult executionId="02112bf1-05cc-4766-9b66-f5af5eb5a322" testId="214b207e-83bb-2fca-2f2d-dc38a04e4cfc" testName="Test_All_Pokemon_Have_NonEmpty_Names" computerName="DESKTOP-OJ7QOA5" duration="00:00:00.0002970" startTime="2025-11-29T14:55:37.2989066+01:00" endTime="2025-11-29T14:55:37.2992032+01:00" testType="13cdc9d9-ddb5-4fa4-a97d-d965ccfc6d4b" outcome="Passed" testListId="8c84fa94-04c1-424b-9868-57a2d4851a1d" relativeResultsDirectory="02112bf1-05cc-4766-9b66-f5af5eb5a322" />
    <UnitTestResult executionId="dcb03ed0-c1c1-4692-bff3-b612464f8158" testId="b2c37c28-0bf7-1382-73ea-252cc9b68656" testName="Test_Can_Chain_Filters_Manually" computerName="DESKTOP-OJ7QOA5" duration="00:00:00.0004670" startTime="2025-11-29T14:55:37.3056443+01:00" endTime="2025-11-29T14:55:37.3061110+01:00" testType="13cdc9d9-ddb5-4fa4-a97d-d965ccfc6d4b" outcome="Passed" testListId="8c84fa94-04c1-424b-9868-57a2d4851a1d" relativeResultsDirectory="dcb03ed0-c1c1-4692-bff3-b612464f8158" />
    <UnitTestResult executionId="4c8a517f-84c3-4825-82eb-ac9289d83fd7" testId="d2c7158c-a123-8a04-133a-c6bdd8279648" testName="Test_Surf_Is_AoE" computerName="DESKTOP-OJ7QOA5" duration="00:00:00.0001200" startTime="2025-11-29T14:55:37.2895996+01:00" endTime="2025-11-29T14:55:37.2897200+01:00" testType="13cdc9d9-ddb5-4fa4-a97d-d965ccfc6d4b" outcome="Passed" testListId="8c84fa94-04c1-424b-9868-57a2d4851a1d" relativeResultsDirectory="4c8a517f-84c3-4825-82eb-ac9289d83fd7" />
    <UnitTestResult executionId="55fec53a-d0de-453b-a91e-0e9eb933e37a" testId="049c6e8a-e82b-77c9-dc91-fe2ca7cdb80e" testName="Builder_Should_Support_Multiple_Conditions" computerName="DESKTOP-OJ7QOA5" duration="00:00:00.0016200" startTime="2025-11-29T14:55:37.2695223+01:00" endTime="2025-11-29T14:55:37.2711423+01:00" testType="13cdc9d9-ddb5-4fa4-a97d-d965ccfc6d4b" outcome="Passed" testListId="8c84fa94-04c1-424b-9868-57a2d4851a1d" relativeResultsDirectory="55fec53a-d0de-453b-a91e-0e9eb933e37a" />
    <UnitTestResult executionId="a736e50f-7c83-4b49-8b13-cade7af5b307" testId="f0d00280-3705-ad8e-d48c-991e05697276" testName="Test_Thunder_Has_Higher_Paralysis_Chance" computerName="DESKTOP-OJ7QOA5" duration="00:00:00.0008100" startTime="2025-11-29T14:55:37.2843446+01:00" endTime="2025-11-29T14:55:37.2851541+01:00" testType="13cdc9d9-ddb5-4fa4-a97d-d965ccfc6d4b" outcome="Passed" testListId="8c84fa94-04c1-424b-9868-57a2d4851a1d" relativeResultsDirectory="a736e50f-7c83-4b49-8b13-cade7af5b307" />
    <UnitTestResult executionId="81bd4101-7575-419b-a705-7ef7fc4d2e6b" testId="ec59d1d9-d411-d728-7f19-7db039cc9b90" testName="ByTM_Should_Add_Moves_With_TM_Method" computerName="DESKTOP-OJ7QOA5" duration="00:00:00.0004170" startTime="2025-11-29T14:55:37.2787974+01:00" endTime="2025-11-29T14:55:37.2792145+01:00" testType="13cdc9d9-ddb5-4fa4-a97d-d965ccfc6d4b" outcome="Passed" testListId="8c84fa94-04c1-424b-9868-57a2d4851a1d" relativeResultsDirectory="81bd4101-7575-419b-a705-7ef7fc4d2e6b" />
    <UnitTestResult executionId="83e373c6-2da7-4974-b762-a866ecae0d61" testId="fb1a8583-214a-3be0-8fb1-866f76695f77" testName="Test_Overwrite_Duplicate_Name" computerName="DESKTOP-OJ7QOA5" duration="00:00:00.0001380" startTime="2025-11-29T14:55:37.3149494+01:00" endTime="2025-11-29T14:55:37.3150872+01:00" testType="13cdc9d9-ddb5-4fa4-a97d-d965ccfc6d4b" outcome="Passed" testListId="8c84fa94-04c1-424b-9868-57a2d4851a1d" relativeResultsDirectory="83e373c6-2da7-4974-b762-a866ecae0d61" />
    <UnitTestResult executionId="0cc9704e-59f4-4d39-89d7-7cc922bd164a" testId="eb884717-f8da-e4fe-d808-f2f747797e29" testName="Test_Move_Can_Have_Any_Pokemon_Type(Dragon)" computerName="DESKTOP-OJ7QOA5" duration="00:00:00.0000040" startTime="2025-11-29T14:55:37.3048234+01:00" endTime="2025-11-29T14:55:37.3048269+01:00" testType="13cdc9d9-ddb5-4fa4-a97d-d965ccfc6d4b" outcome="Passed" testListId="8c84fa94-04c1-424b-9868-57a2d4851a1d" relativeResultsDirectory="0cc9704e-59f4-4d39-89d7-7cc922bd164a" />
    <UnitTestResult executionId="6741d18d-24bc-4329-bfe4-7dce7244fb95" testId="4507b0b8-42d3-616b-967c-d4a577510975" testName="Test_StatChangeEffect_All_Stats(Defense)" computerName="DESKTOP-OJ7QOA5" duration="00:00:00.0001040" startTime="2025-11-29T14:55:37.3253509+01:00" endTime="2025-11-29T14:55:37.3254547+01:00" testType="13cdc9d9-ddb5-4fa4-a97d-d965ccfc6d4b" outcome="Passed" testListId="8c84fa94-04c1-424b-9868-57a2d4851a1d" relativeResultsDirectory="6741d18d-24bc-4329-bfe4-7dce7244fb95" />
    <UnitTestResult executionId="08acfc92-6960-4d71-8cd3-6e558d7f3c99" testId="be28a640-9c37-ecd4-cf1a-dedece21919a" testName="Test_HealEffect" computerName="DESKTOP-OJ7QOA5" duration="00:00:00.0001230" startTime="2025-11-29T14:55:37.3248267+01:00" endTime="2025-11-29T14:55:37.3249499+01:00" testType="13cdc9d9-ddb5-4fa4-a97d-d965ccfc6d4b" outcome="Passed" testListId="8c84fa94-04c1-424b-9868-57a2d4851a1d" relativeResultsDirectory="08acfc92-6960-4d71-8cd3-6e558d7f3c99" />
    <UnitTestResult executionId="47021885-1900-419e-9653-e513b3a0670c" testId="d7f1eafe-5588-b1af-a1f9-60d44b3e70b6" testName="Test_GetAll_Returns_All_Registered_Pokemon" computerName="DESKTOP-OJ7QOA5" duration="00:00:00.0003100" startTime="2025-11-29T14:55:37.3170183+01:00" endTime="2025-11-29T14:55:37.3173280+01:00" testType="13cdc9d9-ddb5-4fa4-a97d-d965ccfc6d4b" outcome="Passed" testListId="8c84fa94-04c1-424b-9868-57a2d4851a1d" relativeResultsDirectory="47021885-1900-419e-9653-e513b3a0670c" />
    <UnitTestResult executionId="638c9bae-3ab3-4b64-8c47-abcd8e4e2548" testId="f924f986-852e-4f70-ffa7-ff6c403c06f8" testName="Test_Squirtle_Data" computerName="DESKTOP-OJ7QOA5" duration="00:00:00.0000960" startTime="2025-11-29T14:55:37.2984237+01:00" endTime="2025-11-29T14:55:37.2985195+01:00" testType="13cdc9d9-ddb5-4fa4-a97d-d965ccfc6d4b" outcome="Passed" testListId="8c84fa94-04c1-424b-9868-57a2d4851a1d" relativeResultsDirectory="638c9bae-3ab3-4b64-8c47-abcd8e4e2548" />
    <UnitTestResult executionId="ce121a17-e858-4a20-b81a-0812e61a0851" testId="c2c17c8f-de99-a909-b51a-2288e6ec0be1" testName="Test_Move_With_Damage_And_Drain" computerName="DESKTOP-OJ7QOA5" duration="00:00:00.0002000" startTime="2025-11-29T14:55:37.3209900+01:00" endTime="2025-11-29T14:55:37.3211901+01:00" testType="13cdc9d9-ddb5-4fa4-a97d-d965ccfc6d4b" outcome="Passed" testListId="8c84fa94-04c1-424b-9868-57a2d4851a1d" relativeResultsDirectory="ce121a17-e858-4a20-b81a-0812e61a0851" />
[...]
    <TestEntry testId="749dce95-0786-e4de-28aa-60c57945a4ee" executionId="f8cc5175-9a97-4574-ae31-6a64fbcfce0f" testListId="8c84fa94-04c1-424b-9868-57a2d4851a1d" />
    <TestEntry testId="103199d7-f563-29a5-6e12-56c877f41266" executionId="ed631413-b4c9-4675-ab80-6c1360be723e" testListId="8c84fa94-04c1-424b-9868-57a2d4851a1d" />
    <TestEntry testId="4005ddeb-4f3c-a84b-e5c6-8133fbd02f78" executionId="24944f4b-9eaf-4aaf-ab4a-24778a1fd00c" testListId="8c84fa94-04c1-424b-9868-57a2d4851a1d" />
    <TestEntry testId="3ba37630-145f-786b-22d2-cd4d8a0ed9fb" executionId="99fb0d94-8fc0-4316-ab27-2cbd5602f57c" testListId="8c84fa94-04c1-424b-9868-57a2d4851a1d" />
    <TestEntry testId="bc9a783d-10fd-37b8-423b-84c225356daa" executionId="4dc965cc-f419-433f-8879-47fac832363d" testListId="8c84fa94-04c1-424b-9868-57a2d4851a1d" />
    <TestEntry testId="385a0462-b70f-7b4a-2633-3afc01431480" executionId="ab34a015-2b00-4620-b342-95373c8d8bd7" testListId="8c84fa94-04c1-424b-9868-57a2d4851a1d" />
    <TestEntry testId="cd4c29bb-322f-1ca5-a383-656990c7e3d4" executionId="b58e1cc4-102e-48a2-9c15-b7a60397f0ab" testListId="8c84fa94-04c1-424b-9868-57a2d4851a1d" />
    <TestEntry testId="c527cf55-0dd7-bdb4-c4b0-444cfc7880d3" executionId="a3fb41f7-0098-4370-8e25-4dade73e9f54" testListId="8c84fa94-04c1-424b-9868-57a2d4851a1d" />
    <TestEntry testId="df91a1c9-b045-0b85-3c3f-a9bd0c66c55e" executionId="d5463335-430b-49f7-aa44-fd759584646c" testListId="8c84fa94-04c1-424b-9868-57a2d4851a1d" />
    <TestEntry testId="df59de7c-4c1f-7666-e6a2-20955a8ec33e" executionId="2b0c2802-3fc0-42dd-af5d-af43b0d89b5a" testListId="8c84fa94-04c1-424b-9868-57a2d4851a1d" />
    <TestEntry testId="970e6083-9c26-0e9a-16ff-631643e70b40" executionId="d4ed6443-7e5d-4ec6-a399-6d4cd988fe2c" testListId="8c84fa94-04c1-424b-9868-57a2d4851a1d" />
    <TestEntry testId="d241314b-b28b-948d-99a6-bab74a5fabaa" executionId="7a464814-7ae6-46e5-a991-bbed3ba09ed5" testListId="8c84fa94-04c1-424b-9868-57a2d4851a1d" />
    <TestEntry testId="cdc57f68-8456-202e-2819-31f62ac7e166" executionId="d96122b3-69d5-4319-8854-eb4cf18e9159" testListId="8c84fa94-04c1-424b-9868-57a2d4851a1d" />
    <TestEntry testId="b9b2f9d5-5abf-f088-b486-0ae72300c41e" executionId="76c469db-3341-4f32-a877-8d105de3fce8" testListId="8c84fa94-04c1-424b-9868-57a2d4851a1d" />
    <TestEntry testId="ba645a80-920e-e2ae-bb7a-09c7f89f7db1" executionId="662dd83f-113d-4e57-bb9f-5d8f18c139c7" testListId="8c84fa94-04c1-424b-9868-57a2d4851a1d" />
    <TestEntry testId="414d09a4-0328-504e-74d7-f30c575ba655" executionId="345fd1db-c23f-48a3-b437-c0da725d4344" testListId="8c84fa94-04c1-424b-9868-57a2d4851a1d" />
    <TestEntry testId="214b207e-83bb-2fca-2f2d-dc38a04e4cfc" executionId="02112bf1-05cc-4766-9b66-f5af5eb5a322" testListId="8c84fa94-04c1-424b-9868-57a2d4851a1d" />
    <TestEntry testId="b2c37c28-0bf7-1382-73ea-252cc9b68656" executionId="dcb03ed0-c1c1-4692-bff3-b612464f8158" testListId="8c84fa94-04c1-424b-9868-57a2d4851a1d" />
    <TestEntry testId="d2c7158c-a123-8a04-133a-c6bdd8279648" executionId="4c8a517f-84c3-4825-82eb-ac9289d83fd7" testListId="8c84fa94-04c1-424b-9868-57a2d4851a1d" />
    <TestEntry testId="049c6e8a-e82b-77c9-dc91-fe2ca7cdb80e" executionId="55fec53a-d0de-453b-a91e-0e9eb933e37a" testListId="8c84fa94-04c1-424b-9868-57a2d4851a1d" />
    <TestEntry testId="f0d00280-3705-ad8e-d48c-991e05697276" executionId="a736e50f-7c83-4b49-8b13-cade7af5b307" testListId="8c84fa94-04c1-424b-9868-57a2d4851a1d" />
    <TestEntry testId="ec59d1d9-d411-d728-7f19-7db039cc9b90" executionId="81bd4101-7575-419b-a705-7ef7fc4d2e6b" testListId="8c84fa94-04c1-424b-9868-57a2d4851a1d" />
    <TestEntry testId="fb1a8583-214a-3be0-8fb1-866f76695f77" executionId="83e373c6-2da7-4974-b762-a866ecae0d61" testListId="8c84fa94-04c1-424b-9868-57a2d4851a1d" />
    <TestEntry testId="eb884717-f8da-e4fe-d808-f2f747797e29" executionId="0cc9704e-59f4-4d39-89d7-7cc922bd164a" testListId="8c84fa94-04c1-424b-9868-57a2d4851a1d" />
    <TestEntry testId="4507b0b8-42d3-616b-967c-d4a577510975" executionId="6741d18d-24bc-4329-bfe4-7dce7244fb95" testListId="8c84fa94-04c1-424b-9868-57a2d4851a1d" />
    <TestEntry testId="be28a640-9c37-ecd4-cf1a-dedece21919a" executionId="08acfc92-6960-4d71-8cd3-6e558d7f3c99" testListId="8c84fa94-04c1-424b-9868-57a2d4851a1d" />
    <TestEntry testId="d7f1eafe-5588-b1af-a1f9-60d44b3e70b6" executionId="47021885-1900-419e-9653-e513b3a0670c" testListId="8c84fa94-04c1-424b-9868-57a2d4851a1d" />
    <TestEntry testId="f924f986-852e-4f70-ffa7-ff6c403c06f8" executionId="638c9bae-3ab3-4b64-8c47-abcd8e4e2548" testListId="8c84fa94-04c1-424b-9868-57a2d4851a1d" />
    <TestEntry testId="c2c17c8f-de99-a909-b51a-2288e6ec0be1" executionId="ce121a17-e858-4a20-b81a-0812e61a0851" testListId="8c84fa94-04c1-424b-9868-57a2d4851a1d" />
    <TestEntry testId="7104add3-b364-e3d4-625a-7932aef23032" executionId="cccdd4bf-dc2c-4b51-bf57-7a8371bf09eb" testListId="8c84fa94-04c1-424b-9868-57a2d4851a1d" />
    <TestEntry testId="c6623989-24bd-c883-ce79-daa08000b2c7" executionId="c4567109-38e6-41e1-b7dc-efa6cd7a9f72" testListId="8c84fa94-04c1-424b-9868-57a2d4851a1d" />
    <TestEntry testId="fd8b2c25-b471-dbb1-e48c-167c8841ab36" executionId="db1afa37-9de9-4ade-8922-15b76489cdf4" testListId="8c84fa94-04c1-424b-9868-57a2d4851a1d" />
    <TestEntry testId="8488790a-dea7-47a5-bc1c-62a511345e9c" executionId="a44cceb8-582d-4233-b3b9-ed06ebe93908" testListId="8c84fa94-04c1-424b-9868-57a2d4851a1d" />
    <TestEntry testId="36a08878-72ba-1c55-3f14-90d7bfbb9043" executionId="7021b32f-e7c8-4744-9dd9-19c8c3d6836f" testListId="8c84fa94-04c1-424b-9868-57a2d4851a1d" />
    <TestEntry testId="b43233ed-5fad-ef92-c439-a5b816c6de83" executionId="f433c100-47e1-46c8-a5f1-431746d608b3" testListId="8c84fa94-04c1-424b-9868-57a2d4851a1d" />
    <TestEntry testId="053dde62-1331-bdf1-25a1-70a3b7d98025" executionId="f76411fa-39af-4aea-9de8-0e9ed2ec4c45" testListId="8c84fa94-04c1-424b-9868-57a2d4851a1d" />
    <TestEntry testId="da117fcc-467d-71e7-e82b-b3b44a9cafbe" executionId="0ad0bad8-987c-448e-86ff-4d971e006cc6" testListId="8c84fa94-04c1-424b-9868-57a2d4851a1d" />
    <TestEntry testId="24a4fe86-6bae-9906-faa5-4a2867102ac4" executionId="345293b1-6dcd-41ad-a138-8091946297b3" testListId="8c84fa94-04c1-424b-9868-57a2d4851a1d" />
    <TestEntry testId="52ce7d21-4c9e-70e2-6a8c-a3392718c279" executionId="4060539c-90ad-4b73-8548-9f50a592da2d" testListId="8c84fa94-04c1-424b-9868-57a2d4851a1d" />
    <TestEntry testId="e65c2e7f-ffe6-90ab-ef1c-ce11ceebc55b" executionId="9f578b91-7bf9-4512-ae60-e0dfb22e92cf" testListId="8c84fa94-04c1-424b-9868-57a2d4851a1d" />
    <TestEntry testId="cc4abd3c-d9bf-6c66-099c-d5ef5b1fc8fe" executionId="2a0b36c6-3e24-4a32-8831-53417e460f24" testListId="8c84fa94-04c1-424b-9868-57a2d4851a1d" />
    <TestEntry testId="987ec87b-9456-3d40-9776-65c183d6f4be" executionId="7c68945f-c57c-4835-b4fa-63bd57bb9a14" testListId="8c84fa94-04c1-424b-9868-57a2d4851a1d" />
    <TestEntry testId="13a25308-a218-6726-a8e3-6472e26a5519" executionId="02a79ed7-08af-4798-ac17-a194285892de" testListId="8c84fa94-04c1-424b-9868-57a2d4851a1d" />
    <TestEntry testId="2f6b8ffc-d8a1-fa83-7439-dc7206d4a61b" executionId="9b847be6-73d4-45cf-9a02-bffdae6a1d8a" testListId="8c84fa94-04c1-424b-9868-57a2d4851a1d" />
    <TestEntry testId="e3ae977f-5fc2-a08f-9313-d76f4763a6d5" executionId="95daf4f1-8e53-465d-b85b-f814178aa102" testListId="8c84fa94-04c1-424b-9868-57a2d4851a1d" />
    <TestEntry testId="2216eeab-000c-df97-9029-7754e6bae4f4" executionId="786582a0-235f-4df9-aae3-284e78d9b3c1" testListId="8c84fa94-04c1-424b-9868-57a2d4851a1d" />
    <TestEntry testId="9f679476-a768-f879-0757-b5e1d6ac61d1" executionId="82423609-9c1d-4b8f-82c4-d55c84ece8fc" testListId="8c84fa94-04c1-424b-9868-57a2d4851a1d" />
    <TestEntry testId="bb0b29ed-09df-0ab2-1fb6-47a3810b61b8" executionId="4c46bcd6-0765-4f5b-9a42-a12c5e7a48c7" testListId="8c84fa94-04c1-424b-9868-57a2d4851a1d" />
    <TestEntry testId="b6f260a3-6bad-d461-1cf4-feedbf423b98" executionId="444a430a-cf8f-4029-ad43-1c7491d3bb40" testListId="8c84fa94-04c1-424b-9868-57a2d4851a1d" />
    <TestEntry testId="28fe1f18-8a0f-49c9-3b49-44b5a0ada570" executionId="f3ba1fd4-6023-4c88-ad25-54907a33361e" testListId="8c84fa94-04c1-424b-9868-57a2d4851a1d" />
    <TestEntry testId="200ed86b-6eb0-baeb-ec59-f26f9098dded" executionId="1dd2dac7-5659-4887-a15d-bd699c7019ad" testListId="8c84fa94-04c1-424b-9868-57a2d4851a1d" />
    <TestEntry testId="9c171721-1d9c-be7e-e14b-6bbd7af96283" executionId="dc460429-ecc0-4a1b-b71e-c0a01b8ca1f7" testListId="8c84fa94-04c1-424b-9868-57a2d4851a1d" />
    <TestEntry testId="316e3598-a7b5-2e43-4a1b-ca3803ee4693" executionId="c62279a5-e812-4b3a-9475-6a8abe5f7250" testListId="8c84fa94-04c1-424b-9868-57a2d4851a1d" />
    <TestEntry testId="6bc4902e-79da-edae-613b-4767b7859684" executionId="8a14e429-bb32-44b8-9131-cfc760c40c4d" testListId="8c84fa94-04c1-424b-9868-57a2d4851a1d" />
    <TestEntry testId="397f21d5-49fc-d4a8-304e-a08fad171601" executionId="dfaeb274-8dd6-4d40-97c2-282ef78f13f4" testListId="8c84fa94-04c1-424b-9868-57a2d4851a1d" />
    <TestEntry testId="c9b53cd1-af2d-269c-0a92-115e6ebf7818" executionId="e76b357d-a0ac-4aad-b23a-3b70db357903" testListId="8c84fa94-04c1-424b-9868-57a2d4851a1d" />
    <TestEntry testId="49c0c6c7-cee4-aafc-d149-225123642406" executionId="2fad866b-11b6-46ad-b717-476a60c7fa38" testListId="8c84fa94-04c1-424b-9868-57a2d4851a1d" />
    <TestEntry testId="7c3821ad-5472-b4d9-ba1b-b81cca1b24e4" executionId="5b12bc66-7a76-4387-a716-d671ddcbb4c4" testListId="8c84fa94-04c1-424b-9868-57a2d4851a1d" />
    <TestEntry testId="e0f0d222-444a-c9e9-df15-ccf55cf1c280" executionId="748ac191-c971-4e27-a83e-775e9194806a" testListId="8c84fa94-04c1-424b-9868-57a2d4851a1d" />
    <TestEntry testId="cde50e5d-72a9-5fd2-1129-b152c2616179" executionId="bef59285-dd08-44c5-a6bc-f779747c5516" testListId="8c84fa94-04c1-424b-9868-57a2d4851a1d" />
    <TestEntry testId="7d65a9ef-6baa-8b29-bcb9-aa9b22226e32" executionId="f989fd63-bea1-4b11-8e07-ce1c411671fc" testListId="8c84fa94-04c1-424b-9868-57a2d4851a1d" />
    <TestEntry testId="79eec421-c4fe-fba2-8ddd-d42ae94f6a6a" executionId="5dfa9b41-3555-4057-b462-4461de0cfc07" testListId="8c84fa94-04c1-424b-9868-57a2d4851a1d" />
    <TestEntry testId="82fe467d-a53b-81b4-b228-398cbd7593c6" executionId="dbb84b46-ce6c-4b5e-a705-a602fc2e5bea" testListId="8c84fa94-04c1-424b-9868-57a2d4851a1d" />
    <TestEntry testId="9e51a1c2-5b35-f04a-a3eb-e225a8c4cac5" executionId="d2f34e5b-6246-448c-9d9a-157202b3d4e6" testListId="8c84fa94-04c1-424b-9868-57a2d4851a1d" />
    <TestEntry testId="f7c8d08b-34f8-5c26-3186-307add75f8ea" executionId="8a5d6eb7-4a4a-4b62-8054-4e46ae2b7ba2" testListId="8c84fa94-04c1-424b-9868-57a2d4851a1d" />
    <TestEntry testId="868623bc-9ed2-97c1-043d-64e38f0c95b3" executionId="64630745-d5e0-42e9-a167-19fcda62144a" testListId="8c84fa94-04c1-424b-9868-57a2d4851a1d" />
    <TestEntry testId="d94b8af9-d263-7a26-2613-495048b3f170" executionId="49c5e649-2dd1-4200-897b-79e841b21b30" testListId="8c84fa94-04c1-424b-9868-57a2d4851a1d" />
    <TestEntry testId="3ea03fa1-7baf-b79b-dda1-9ec96423b937" executionId="d35ef41b-de3d-49ea-9a6a-99a907ae021d" testListId="8c84fa94-04c1-424b-9868-57a2d4851a1d" />
    <TestEntry testId="2882b57c-e27f-04a0-fd1e-896aa8baccb6" executionId="5d8a5f8f-773b-4e13-9e10-0be3a6d7002d" testListId="8c84fa94-04c1-424b-9868-57a2d4851a1d" />
    <TestEntry testId="1c95229e-457c-053d-0ad4-d8d92fa9043f" executionId="5ef5477b-df93-4d11-b880-2def1456f79b" testListId="8c84fa94-04c1-424b-9868-57a2d4851a1d" />
    <TestEntry testId="172fc5a9-161d-84d0-49e7-b88fb3fc088d" executionId="2fadc1ae-88a2-4873-8a99-000a0ab49cfb" testListId="8c84fa94-04c1-424b-9868-57a2d4851a1d" />
    <TestEntry testId="0d311fbc-cae7-c5da-c078-6eae21c52b44" executionId="5971bf58-1c55-41ea-9201-d78e911ef4e2" testListId="8c84fa94-04c1-424b-9868-57a2d4851a1d" />
    <TestEntry testId="78856c99-0b16-047a-4dea-923e639efda7" executionId="4874482c-cedf-4d5e-ba4c-b0e58033450e" testListId="8c84fa94-04c1-424b-9868-57a2d4851a1d" />
    <TestEntry testId="2a379f8f-abf7-1a23-70df-2bd9f85ba78b" executionId="5d668f62-a150-42c2-9c74-b7e471347465" testListId="8c84fa94-04c1-424b-9868-57a2d4851a1d" />
    <TestEntry testId="94094b8a-62d8-fdd2-5308-8dde946e5e4e" executionId="b3fe6071-eb4e-4552-b2b0-5f767335078b" testListId="8c84fa94-04c1-424b-9868-57a2d4851a1d" />
    <TestEntry testId="b878e362-3677-9df3-7713-f5ca5b08af7f" executionId="25a41c75-7b06-484e-920d-dfa2c28caabd" testListId="8c84fa94-04c1-424b-9868-57a2d4851a1d" />
    <TestEntry testId="497abe93-ac1b-89dc-297b-38c802a11230" executionId="6fc89623-d9b4-4ecb-ad83-49e3386813f1" testListId="8c84fa94-04c1-424b-9868-57a2d4851a1d" />
    <TestEntry testId="d2a03e2e-b29b-076a-d48e-231ab5ce06d3" executionId="fd041fbb-d974-4f3f-84af-c05788c72369" testListId="8c84fa94-04c1-424b-9868-57a2d4851a1d" />
    <TestEntry testId="b1f22c24-0ab4-efe2-6406-a2f67f858b5d" executionId="aa87c292-7af3-496b-8956-17d26978f7b2" testListId="8c84fa94-04c1-424b-9868-57a2d4851a1d" />
    <TestEntry testId="7b5eb1b0-1dce-4ec4-6266-c4724da2c5b0" executionId="d5e5ac0d-327c-415e-a089-ceaf5019b3a1" testListId="8c84fa94-04c1-424b-9868-57a2d4851a1d" />
    <TestEntry testId="7c90ba9d-ffc9-e8a7-cd1e-841eb0942540" executionId="c4cbf41b-a218-4d2d-b740-eef318ee3330" testListId="8c84fa94-04c1-424b-9868-57a2d4851a1d" />
    <TestEntry testId="130e72fa-7821-c662-9bf2-602ac0d9ba7b" executionId="c37afe93-8ac2-4249-94f0-1cc09ea4d847" testListId="8c84fa94-04c1-424b-9868-57a2d4851a1d" />
    <TestEntry testId="196d0ab7-c86b-38fa-f1a1-404fa4eee9c0" executionId="541b23ec-db85-40fc-8ac5-95fd846cba5b" testListId="8c84fa94-04c1-424b-9868-57a2d4851a1d" />
    <TestEntry testId="0b49e317-0f2e-0c01-4e64-6b1432f4a784" executionId="d2fa13c5-c909-42f0-abde-97e805bef090" testListId="8c84fa94-04c1-424b-9868-57a2d4851a1d" />
    <TestEntry testId="5bc062c9-befc-7aec-a500-11379b010d0a" executionId="1b0f0672-a1d6-4e39-b5ef-4f0ec95b3eb8" testListId="8c84fa94-04c1-424b-9868-57a2d4851a1d" />
    <TestEntry testId="eace1d2e-1bef-50f4-4931-92eab5d3d8c6" executionId="6598174e-785e-481e-9fd7-6e6080df7a62" testListId="8c84fa94-04c1-424b-9868-57a2d4851a1d" />
    <TestEntry testId="73d7a1a4-35d9-26f5-8e28-e50ba85544d1" executionId="badd74fc-0f1c-4316-a96c-76aa2dfbe751" testListId="8c84fa94-04c1-424b-9868-57a2d4851a1d" />
    <TestEntry testId="64e08fc1-e5fe-dd51-5d46-8815a21f3eb2" executionId="32ed3db2-bd45-4fa9-a5c0-a408520c61be" testListId="8c84fa94-04c1-424b-9868-57a2d4851a1d" />
    <TestEntry testId="6293806f-137e-77d7-ad4d-962e6cd9fb8c" executionId="988b58b6-5365-44ba-8df2-8e8a09657f10" testListId="8c84fa94-04c1-424b-9868-57a2d4851a1d" />
    <TestEntry testId="72f2a2d3-4622-d484-6dcc-3480cece7e1a" executionId="8d9d792d-b5e7-491c-ba7a-e7dab94ee484" testListId="8c84fa94-04c1-424b-9868-57a2d4851a1d" />
    <TestEntry testId="81ffe6c8-d133-e7a4-ce46-f4a0eff1d479" executionId="04e79287-fa34-4a42-9abf-51338c3456d2" testListId="8c84fa94-04c1-424b-9868-57a2d4851a1d" />
    <TestEntry testId="b5d0dd1f-0af2-723d-02cf-487d7c0e5079" executionId="a1dd295d-d6b0-40ce-a941-1b244e2debe3" testListId="8c84fa94-04c1-424b-9868-57a2d4851a1d" />
    <TestEntry testId="1fb2ce12-2b3b-89c0-4033-c18b10296fee" executionId="6abe2c10-985d-47c3-b5d9-20da2a137ea3" testListId="8c84fa94-04c1-424b-9868-57a2d4851a1d" />
    <TestEntry testId="04e9125b-4de6-32c3-f0e6-b8125825ad3e" executionId="18f96abc-1a36-4f65-835c-9a9ac8cbdd19" testListId="8c84fa94-04c1-424b-9868-57a2d4851a1d" />
    <TestEntry testId="611abbd7-4a43-ebb7-650c-026f5f523392" executionId="420b33f2-dd2b-4fb7-b017-0b1bcacfcd6d" testListId="8c84fa94-04c1-424b-9868-57a2d4851a1d" />
    <TestEntry testId="b725852e-9163-6157-c9b2-fa1110821191" executionId="a1218188-9a7f-4e0c-9c92-cc852aee154d" testListId="8c84fa94-04c1-424b-9868-57a2d4851a1d" />
    <TestEntry testId="5d694b3e-27f9-53e4-f299-e06cc35f9321" executionId="afb67220-e9a2-494d-be92-78be1c7f3aac" testListId="8c84fa94-04c1-424b-9868-57a2d4851a1d" />
    <TestEntry testId="beae4fa7-44be-26e1-6218-e97aa36885d6" executionId="f2f52400-dfef-4ebc-95b7-d92f52569bb1" testListId="8c84fa94-04c1-424b-9868-57a2d4851a1d" />
    <TestEntry testId="8a6b26c0-9c0b-c649-0486-dada51b2c574" executionId="13da81bd-0830-470e-bcab-bac2035babc5" testListId="8c84fa94-04c1-424b-9868-57a2d4851a1d" />
    <TestEntry testId="e28db65b-775b-b558-5f0f-643168caa8ed" executionId="c10ae16a-41f5-4669-8c8d-f5499c378615" testListId="8c84fa94-04c1-424b-9868-57a2d4851a1d" />
    <TestEntry testId="9ac30633-3272-0186-9423-dd3c5ffd776b" executionId="b4a37d44-20cf-4fc5-88f2-43ca4e98315c" testListId="8c84fa94-04c1-424b-9868-57a2d4851a1d" />
    <TestEntry testId="4baef5cf-f59e-b332-462b-8b92b45e2cb3" executionId="22d539ac-d440-453c-8e76-9f6c8d584164" testListId="8c84fa94-04c1-424b-9868-57a2d4851a1d" />
    <TestEntry testId="e12cd5f6-b55c-8093-96df-ad218a9ebdf5" executionId="dcd13ea9-0f2e-4d0a-83ff-77ffec3e14d6" testListId="8c84fa94-04c1-424b-9868-57a2d4851a1d" />
    <TestEntry testId="a8845971-2ce2-c324-424b-4c16ef30a728" executionId="0571324e-6f01-4325-8593-e8f1db279402" testListId="8c84fa94-04c1-424b-9868-57a2d4851a1d" />
    <TestEntry testId="7fc39879-6aa6-e266-7e9d-990bcb3fc366" executionId="2ea41e69-3757-4a3e-a247-ded30d397288" testListId="8c84fa94-04c1-424b-9868-57a2d4851a1d" />
    <TestEntry testId="5d67f33a-acee-2bed-f816-f51e6510837e" executionId="25b9a260-1f69-4a76-b115-963ec886a0c5" testListId="8c84fa94-04c1-424b-9868-57a2d4851a1d" />
    <TestEntry testId="66d04505-41b5-4b1d-8c8f-a6e4318ba037" executionId="f4b6cc03-2d2a-42ba-b738-9059c375668d" testListId="8c84fa94-04c1-424b-9868-57a2d4851a1d" />
    <TestEntry testId="7a4af269-6a81-4281-c632-9a27a80e00a9" executionId="c899d974-79f3-42e4-afb7-fc34a531e0ca" testListId="8c84fa94-04c1-424b-9868-57a2d4851a1d" />
    <TestEntry testId="bfb9564b-d6f0-708e-5362-79fdbd98f19d" executionId="f3c94b39-f569-43ba-8fed-c6da7651bd6f" testListId="8c84fa94-04c1-424b-9868-57a2d4851a1d" />
    <TestEntry testId="d54cc754-58b1-b269-6af8-655667cf49f3" executionId="bb0ffa13-2424-4da5-abf4-4338e5287f8a" testListId="8c84fa94-04c1-424b-9868-57a2d4851a1d" />
    <TestEntry testId="d93ab7f9-8249-1185-9459-ef8d5b3df653" executionId="c713de95-bd41-4c33-a309-8dc60f391b4f" testListId="8c84fa94-04c1-424b-9868-57a2d4851a1d" />
    <TestEntry testId="da10ad8c-04fc-9e8b-c402-512a7a39c654" executionId="5da251ce-f27a-4cae-b97a-0ffdb1e71097" testListId="8c84fa94-04c1-424b-9868-57a2d4851a1d" />
    <TestEntry testId="b1ee448f-d73b-f1c1-4b18-d1f4f14bc356" executionId="91aad3bd-5644-4e23-ad80-fc11c9efbc61" testListId="8c84fa94-04c1-424b-9868-57a2d4851a1d" />
    <TestEntry testId="34438c84-b3a3-6b63-20ec-ea445fef4634" executionId="0b5fe33d-a964-4bc8-8674-293b62f4ec6e" testListId="8c84fa94-04c1-424b-9868-57a2d4851a1d" />
    <TestEntry testId="02271faf-14e5-bb79-4fc8-65d0d9c7b772" executionId="6c8419dc-e087-4aad-909f-305023f0594c" testListId="8c84fa94-04c1-424b-9868-57a2d4851a1d" />
  </TestEntries>
  <TestLists>
    <TestList name="Resultados sin formato de lista" id="8c84fa94-04c1-424b-9868-57a2d4851a1d" />
    <TestList name="Todos los resultados cargados" id="19431567-8539-422a-85d7-44ee4e166bda" />
  </TestLists>
  <ResultSummary outcome="Completed">
    <Counters total="246" executed="246" passed="246" failed="0" error="0" timeout="0" aborted="0" inconclusive="0" passedButRunAborted="0" notRunnable="0" notExecuted="0" disconnected="0" warning="0" completed="0" inProgress="0" pending="0" />
    <Output>
      <StdOut>NUnit Adapter 4.5.0.0: Test execution started&#xD;
Running all tests in C:\Users\Usuario\RiderProjects\PokemonUltimate\PokemonUltimate.Tests\bin\Debug\net8.0\PokemonUltimate.Tests.dll&#xD;
   NUnit3TestExecutor discovered 246 of 246 NUnit test cases using Current Discovery mode, Non-Explicit run&#xD;
NUnit Adapter 4.5.0.0: Test execution complete&#xD;
</StdOut>
    </Output>
  </ResultSummary>
</TestRun>